#
# A fatal error has been detected by the Java Runtime Environment:
#
#  SIGSEGV (0xb) at pc=0x00000001255745dd, pid=22355, tid=2571
#
# JRE version: Java(TM) SE Runtime Environment (8.0_40-b27) (build 1.8.0_40-b27)
# Java VM: Java HotSpot(TM) 64-Bit Server VM (25.40-b25 mixed mode bsd-amd64 compressed oops)
# Problematic frame:
# C  [libglass.dylib+0x155dd]  GlassScreenDidChangeScreenParameters+0x9d
#
# Failed to write core dump. Core dumps have been disabled. To enable core dumping, try "ulimit -c unlimited" before starting Java again
#
# If you would like to submit a bug report, please visit:
#   http://bugreport.java.com/bugreport/crash.jsp
#

---------------  T H R E A D  ---------------

Current thread is native thread

siginfo: si_signo: 11 (SIGSEGV), si_code: 1 (SEGV_MAPERR), si_addr: 0x0000000000000000

Registers:
RAX=0x00000001255a6bc0, RBX=0x0000000000000000, RCX=0x0000000000000103, RDX=0x00007fab43b03ed0
RSP=0x00007fff5a01fe50, RBP=0x00007fff5a01fe60, RSI=0x00007fab43902190, RDI=0x0000000000000000
R8 =0x0000000000000040, R9 =0x00007fff7819a1e0, R10=0xffffffffffffffff, R11=0x0000000000000246
R12=0x00007fab43808430, R13=0x00007fab40cac1a0, R14=0x00007fab40cac1e0, R15=0x0000000000000000
RIP=0x00000001255745dd, EFLAGS=0x0000000000010202, ERR=0x0000000000000004
  TRAPNO=0x000000000000000e

Top of Stack: (sp=0x00007fff5a01fe50)
0x00007fff5a01fe50:   00007fff5a01fea8 00007fab40cac1e0
0x00007fff5a01fe60:   00007fff5a01fe70 00007fff91a6bbbc
0x00007fff5a01fe70:   00007fff5a01fe90 00007fff91a6bb4f
0x00007fff5a01fe80:   0000000000000000 0000000000000000
0x00007fff5a01fe90:   00007fff5a01ff00 00007fff91a6bac7
0x00007fff5a01fea0:   00007fff7aff89d0 00007fff785410a0
0x00007fff5a01feb0:   0000000042000000 00007fff91a6bb10
0x00007fff5a01fec0:   00007fff78fff720 00007fab40cac1a0
0x00007fff5a01fed0:   00007fab43808430 00007fff5a0206a8
0x00007fff5a01fee0:   00007fff7912c780 00007fff5a0206a8
0x00007fff5a01fef0:   00007fab40cac1a0 00007fff91e2b9e2
0x00007fff5a01ff00:   00007fff5a01ff40 00007fff91a6b832
0x00007fff5a01ff10:   00007fff5a020520 0000000000000000
0x00007fff5a01ff20:   00007fff7912c780 00007fff5a0206a8
0x00007fff5a01ff30:   00007fff920a44c0 00007fff91e2b9e2
0x00007fff5a01ff40:   00007fff5a020650 00007fff91a285e2
0x00007fff5a01ff50:   00007fab47070900 0000000000000002
0x00007fff5a01ff60:   0000000000000000 00007fab40c2a170
0x00007fff5a01ff70:   00007fab41009048 00007fab43a1b170
0x00007fff5a01ff80:   0000000000000000 00007fab40cac240
0x00007fff5a01ff90:   0000000000000000 0000000000000000
0x00007fff5a01ffa0:   00007fff7903cbc0 00007fff5a020520
0x00007fff5a01ffb0:   0000000000000001 0000000000000100
0x00007fff5a01ffc0:   0000000000000400 00007fff5a020420
0x00007fff5a01ffd0:   0000000000000000 0000000000000100
0x00007fff5a01ffe0:   4095080000000000 00007fff7912c780
0x00007fff5a01fff0:   0000000000000000 00007fff79000500
0x00007fff5a020000:   00007fff7912c780 0000000000000000
0x00007fff5a020010:   00007fff79000500 00007fab4380c290
0x00007fff5a020020:   00007fab47070900 0000000000000002
0x00007fff5a020030:   0000000000000000 00007fff920a44c0
0x00007fff5a020040:   00007fff5a020200 00007fff9bceb480 

Instructions: (pc=0x00000001255745dd)
0x00000001255745bd:   89 df 4c 89 f1 41 ff 90 68 04 00 00 48 8d 05 f8
0x00000001255745cd:   24 03 00 48 8b 30 48 8d 05 e6 25 03 00 48 8b 10
0x00000001255745dd:   48 8b 0b 30 c0 48 89 df ff 91 68 04 00 00 48 8b
0x00000001255745ed:   03 48 89 df ff 50 78 48 85 c0 74 36 49 89 c6 48 

Register to memory mapping:

RAX=0x00000001255a6bc0: jScreenNotifySettingsChanged+0 in /Library/Java/JavaVirtualMachines/jdk1.8.0_40.jdk/Contents/Home/jre/lib/libglass.dylib at 0x000000012555f000
RBX=0x0000000000000000 is an unknown value
RCX=0x0000000000000103 is an unknown value
RDX=0x00007fab43b03ed0 is an unknown value
RSP=0x00007fff5a01fe50 is an unknown value
RBP=0x00007fff5a01fe60 is an unknown value
RSI=0x00007fab43902190 is a global jni handle
RDI=0x0000000000000000 is an unknown value
R8 =0x0000000000000040 is an unknown value
R9 =0x00007fff7819a1e0: __sFX+0x1c0 in /usr/lib/system/libsystem_c.dylib at 0x00007fff8bd4c000
R10=0xffffffffffffffff is an unknown value
R11=0x0000000000000246 is an unknown value
R12=0x00007fab43808430 is an unknown value
R13=0x00007fab40cac1a0 is an unknown value
R14=0x00007fab40cac1e0 is an unknown value
R15=0x0000000000000000 is an unknown value


Stack: [0x00007fff59824000,0x00007fff5a024000],  sp=0x00007fff5a01fe50,  free space=8175k
Native frames: (J=compiled Java code, j=interpreted, Vv=VM code, C=native code)
C  [libglass.dylib+0x155dd]  GlassScreenDidChangeScreenParameters+0x9d
C  [CoreFoundation+0xa0bbc]  __CFNOTIFICATIONCENTER_IS_CALLING_OUT_TO_AN_OBSERVER__+0xc
C  [CoreFoundation+0xa0b4f]  ___CFXRegistrationPost_block_invoke+0x3f
C  [CoreFoundation+0xa0ac7]  _CFXRegistrationPost+0x197
C  [CoreFoundation+0xa0832]  ___CFXNotificationPost_block_invoke+0x32
C  [CoreFoundation+0x5d5e2]  -[_CFXNotificationRegistrar find:object:observer:enumerator:]+0x782
C  [CoreFoundation+0x5c835]  _CFXNotificationPost+0x2b5
C  [Foundation+0x717a]  -[NSNotificationCenter postNotificationName:object:userInfo:]+0x42
C  [AppKit+0x41c08b]  -[NSApplication _reactToScreenInvalidationImmediately:]+0x17f
C  [AppKit+0x41bedc]  __44-[NSApplication _reactToScreenInvalidation:]_block_invoke+0x3b
C  [CoreFoundation+0xaa4ac]  __CFRUNLOOP_IS_CALLING_OUT_TO_A_BLOCK__+0xc
C  [CoreFoundation+0x89d05]  __CFRunLoopDoBlocks+0x155
C  [CoreFoundation+0x89a6b]  __CFRunLoopRun+0x92b
C  [CoreFoundation+0x88ed8]  CFRunLoopRunSpecific+0x128
C  [java+0x6490]  CreateExecutionEnvironment+0x367
C  [java+0x221c]  JLI_Launch+0x7a0
C  [java+0x84ed]  main+0x65
C  [java+0x1a74]  start+0x34


---------------  P R O C E S S  ---------------

VM state:not at safepoint (normal execution)

VM Mutex/Monitor currently owned by a thread: None

Heap:
 PSYoungGen      total 76288K, used 41804K [0x000000076ab00000, 0x0000000772f00000, 0x00000007c0000000)
  eden space 65536K, 48% used [0x000000076ab00000,0x000000076c9d3870,0x000000076eb00000)
  from space 10752K, 95% used [0x000000076eb00000,0x000000076f4ffa50,0x000000076f580000)
  to   space 10752K, 0% used [0x0000000772480000,0x0000000772480000,0x0000000772f00000)
 ParOldGen       total 88576K, used 8118K [0x00000006c0000000, 0x00000006c5680000, 0x000000076ab00000)
  object space 88576K, 9% used [0x00000006c0000000,0x00000006c07ed850,0x00000006c5680000)
 Metaspace       used 34250K, capacity 35130K, committed 35328K, reserved 1079296K
  class space    used 4793K, capacity 5022K, committed 5120K, reserved 1048576K

Card table byte_map: [0x0000000117329000,0x0000000117b2a000] byte_map_base: 0x0000000113d29000

Marking Bits: (ParMarkBitMap*) 0x00000001078c27a0
 Begin Bits: [0x0000000118080000, 0x000000011c080000)
 End Bits:   [0x000000011c080000, 0x0000000120080000)

Polling page: 0x0000000105e9f000

CodeCache: size=245760Kb used=8008Kb max_used=8063Kb free=237751Kb
 bounds [0x0000000107f69000, 0x0000000108769000, 0x0000000116f69000]
 total_blobs=3298 nmethods=2511 adapters=700
 compilation: enabled

Compilation events (10 events):
Event: 3.497 Thread 0x00007fab410a2000 2509       3       java.io.PrintStream::ensureOpen (18 bytes)
Event: 3.497 Thread 0x00007fab410a2000 nmethod 2509 0x00000001086f2350 code [0x00000001086f24c0, 0x00000001086f2708]
Event: 3.497 Thread 0x00007fab410a2000 2510       1       sun.nio.cs.StreamEncoder::isOpen (5 bytes)
Event: 3.497 Thread 0x00007fab410a2000 nmethod 2510 0x00000001086ed890 code [0x00000001086ed9e0, 0x00000001086edaf0]
Event: 3.505 Thread 0x00007fab410a2000 2511       3       java.util.concurrent.atomic.AtomicBoolean::compareAndSet (35 bytes)
Event: 3.505 Thread 0x00007fab410a2000 nmethod 2511 0x00000001086f3e10 code [0x00000001086f3f80, 0x00000001086f4190]
Event: 3.946 Thread 0x00007fab410a1000 nmethod 2458 0x0000000108706890 code [0x0000000108707640, 0x00000001087142a8]
Event: 3.976 Thread 0x00007fab41098800 nmethod 2457 0x0000000108737d90 code [0x0000000108738bc0, 0x0000000108746510]
Event: 21.369 Thread 0x00007fab4200f000 2512   !   4       java.lang.ref.ReferenceQueue::remove (125 bytes)
Event: 21.374 Thread 0x00007fab4200f000 nmethod 2512 0x00000001086f3250 code [0x00000001086f33e0, 0x00000001086f3c28]

GC Heap History (8 events):
Event: 2.436 GC heap before
{Heap before GC invocations=1 (full 0):
 PSYoungGen      total 76288K, used 65531K [0x000000076ab00000, 0x0000000770000000, 0x00000007c0000000)
  eden space 65536K, 99% used [0x000000076ab00000,0x000000076eafee30,0x000000076eb00000)
  from space 10752K, 0% used [0x000000076f580000,0x000000076f580000,0x0000000770000000)
  to   space 10752K, 0% used [0x000000076eb00000,0x000000076eb00000,0x000000076f580000)
 ParOldGen       total 175104K, used 0K [0x00000006c0000000, 0x00000006cab00000, 0x000000076ab00000)
  object space 175104K, 0% used [0x00000006c0000000,0x00000006c0000000,0x00000006cab00000)
 Metaspace       used 17871K, capacity 18668K, committed 18816K, reserved 1064960K
  class space    used 2626K, capacity 2831K, committed 2944K, reserved 1048576K
Event: 2.443 GC heap after
Heap after GC invocations=1 (full 0):
 PSYoungGen      total 76288K, used 8840K [0x000000076ab00000, 0x0000000770000000, 0x00000007c0000000)
  eden space 65536K, 0% used [0x000000076ab00000,0x000000076ab00000,0x000000076eb00000)
  from space 10752K, 82% used [0x000000076eb00000,0x000000076f3a2360,0x000000076f580000)
  to   space 10752K, 0% used [0x000000076f580000,0x000000076f580000,0x0000000770000000)
 ParOldGen       total 175104K, used 88K [0x00000006c0000000, 0x00000006cab00000, 0x000000076ab00000)
  object space 175104K, 0% used [0x00000006c0000000,0x00000006c0016010,0x00000006cab00000)
 Metaspace       used 17871K, capacity 18668K, committed 18816K, reserved 1064960K
  class space    used 2626K, capacity 2831K, committed 2944K, reserved 1048576K
}
Event: 2.507 GC heap before
{Heap before GC invocations=2 (full 0):
 PSYoungGen      total 76288K, used 15620K [0x000000076ab00000, 0x0000000770000000, 0x00000007c0000000)
  eden space 65536K, 10% used [0x000000076ab00000,0x000000076b19ef50,0x000000076eb00000)
  from space 10752K, 82% used [0x000000076eb00000,0x000000076f3a2360,0x000000076f580000)
  to   space 10752K, 0% used [0x000000076f580000,0x000000076f580000,0x0000000770000000)
 ParOldGen       total 175104K, used 88K [0x00000006c0000000, 0x00000006cab00000, 0x000000076ab00000)
  object space 175104K, 0% used [0x00000006c0000000,0x00000006c0016010,0x00000006cab00000)
 Metaspace       used 20378K, capacity 21132K, committed 21296K, reserved 1067008K
  class space    used 2893K, capacity 3119K, committed 3200K, reserved 1048576K
Event: 2.512 GC heap after
Heap after GC invocations=2 (full 0):
 PSYoungGen      total 76288K, used 8783K [0x000000076ab00000, 0x0000000774000000, 0x00000007c0000000)
  eden space 65536K, 0% used [0x000000076ab00000,0x000000076ab00000,0x000000076eb00000)
  from space 10752K, 81% used [0x000000076f580000,0x000000076fe13d40,0x0000000770000000)
  to   space 10752K, 0% used [0x000000076eb00000,0x000000076eb00000,0x000000076f580000)
 ParOldGen       total 175104K, used 96K [0x00000006c0000000, 0x00000006cab00000, 0x000000076ab00000)
  object space 175104K, 0% used [0x00000006c0000000,0x00000006c0018010,0x00000006cab00000)
 Metaspace       used 20378K, capacity 21132K, committed 21296K, reserved 1067008K
  class space    used 2893K, capacity 3119K, committed 3200K, reserved 1048576K
}
Event: 2.512 GC heap before
{Heap before GC invocations=3 (full 1):
 PSYoungGen      total 76288K, used 8783K [0x000000076ab00000, 0x0000000774000000, 0x00000007c0000000)
  eden space 65536K, 0% used [0x000000076ab00000,0x000000076ab00000,0x000000076eb00000)
  from space 10752K, 81% used [0x000000076f580000,0x000000076fe13d40,0x0000000770000000)
  to   space 10752K, 0% used [0x000000076eb00000,0x000000076eb00000,0x000000076f580000)
 ParOldGen       total 175104K, used 96K [0x00000006c0000000, 0x00000006cab00000, 0x000000076ab00000)
  object space 175104K, 0% used [0x00000006c0000000,0x00000006c0018010,0x00000006cab00000)
 Metaspace       used 20378K, capacity 21132K, committed 21296K, reserved 1067008K
  class space    used 2893K, capacity 3119K, committed 3200K, reserved 1048576K
Event: 2.535 GC heap after
Heap after GC invocations=3 (full 1):
 PSYoungGen      total 76288K, used 0K [0x000000076ab00000, 0x0000000774000000, 0x00000007c0000000)
  eden space 65536K, 0% used [0x000000076ab00000,0x000000076ab00000,0x000000076eb00000)
  from space 10752K, 0% used [0x000000076f580000,0x000000076f580000,0x0000000770000000)
  to   space 10752K, 0% used [0x000000076eb00000,0x000000076eb00000,0x000000076f580000)
 ParOldGen       total 88576K, used 8110K [0x00000006c0000000, 0x00000006c5680000, 0x000000076ab00000)
  object space 88576K, 9% used [0x00000006c0000000,0x00000006c07eb850,0x00000006c5680000)
 Metaspace       used 20378K, capacity 21132K, committed 21296K, reserved 1067008K
  class space    used 2893K, capacity 3119K, committed 3200K, reserved 1048576K
}
Event: 3.254 GC heap before
{Heap before GC invocations=4 (full 1):
 PSYoungGen      total 76288K, used 65536K [0x000000076ab00000, 0x0000000774000000, 0x00000007c0000000)
  eden space 65536K, 100% used [0x000000076ab00000,0x000000076eb00000,0x000000076eb00000)
  from space 10752K, 0% used [0x000000076f580000,0x000000076f580000,0x0000000770000000)
  to   space 10752K, 0% used [0x000000076eb00000,0x000000076eb00000,0x000000076f580000)
 ParOldGen       total 88576K, used 8110K [0x00000006c0000000, 0x00000006c5680000, 0x000000076ab00000)
  object space 88576K, 9% used [0x00000006c0000000,0x00000006c07eb850,0x00000006c5680000)
 Metaspace       used 30641K, capacity 31390K, committed 31488K, reserved 1077248K
  class space    used 4309K, capacity 4530K, committed 4608K, reserved 1048576K
Event: 3.260 GC heap after
Heap after GC invocations=4 (full 1):
 PSYoungGen      total 76288K, used 10238K [0x000000076ab00000, 0x0000000772f00000, 0x00000007c0000000)
  eden space 65536K, 0% used [0x000000076ab00000,0x000000076ab00000,0x000000076eb00000)
  from space 10752K, 95% used [0x000000076eb00000,0x000000076f4ffa50,0x000000076f580000)
  to   space 10752K, 0% used [0x0000000772480000,0x0000000772480000,0x0000000772f00000)
 ParOldGen       total 88576K, used 8118K [0x00000006c0000000, 0x00000006c5680000, 0x000000076ab00000)
  object space 88576K, 9% used [0x00000006c0000000,0x00000006c07ed850,0x00000006c5680000)
 Metaspace       used 30641K, capacity 31390K, committed 31488K, reserved 1077248K
  class space    used 4309K, capacity 4530K, committed 4608K, reserved 1048576K
}

Deoptimization events (10 events):
Event: 2.873 Thread 0x00007fab4216b000 Uncommon trap: reason=predicate action=maybe_recompile pc=0x000000010857452c method=sun.net.www.ParseUtil.encodePath(Ljava/lang/String;Z)Ljava/lang/String; @ 36
Event: 2.988 Thread 0x00007fab4216b000 Uncommon trap: reason=unstable_if action=reinterpret pc=0x00000001084f17ac method=java.lang.Class$MethodArray.hasDefaults()Z @ 4
Event: 3.037 Thread 0x00007fab4216b000 Uncommon trap: reason=unstable_if action=reinterpret pc=0x0000000108463808 method=java.lang.ref.SoftReference.get()Ljava/lang/Object; @ 17
Event: 3.039 Thread 0x00007fab4216b000 Uncommon trap: reason=bimorphic action=maybe_recompile pc=0x00000001085c5b20 method=java.util.HashMap.putVal(ILjava/lang/Object;Ljava/lang/Object;ZZ)Ljava/lang/Object; @ 203
Event: 3.075 Thread 0x00007fab4216b000 Uncommon trap: reason=bimorphic action=maybe_recompile pc=0x00000001085c5b20 method=java.util.HashMap.putVal(ILjava/lang/Object;Ljava/lang/Object;ZZ)Ljava/lang/Object; @ 203
Event: 3.075 Thread 0x00007fab4216b000 Uncommon trap: reason=bimorphic action=maybe_recompile pc=0x00000001085c5b20 method=java.util.HashMap.putVal(ILjava/lang/Object;Ljava/lang/Object;ZZ)Ljava/lang/Object; @ 203
Event: 3.075 Thread 0x00007fab4216b000 Uncommon trap: reason=bimorphic action=maybe_recompile pc=0x00000001085c5b20 method=java.util.HashMap.putVal(ILjava/lang/Object;Ljava/lang/Object;ZZ)Ljava/lang/Object; @ 203
Event: 3.277 Thread 0x00007fab4216b000 Uncommon trap: reason=unstable_if action=reinterpret pc=0x00000001084dba18 method=java.lang.Class.privateGetMethodRecursive(Ljava/lang/String;[Ljava/lang/Class;ZLjava/lang/Class$MethodArray;)Ljava/lang/reflect/Method; @ 63
Event: 3.407 Thread 0x00007fab4216b000 Uncommon trap: reason=unstable_if action=reinterpret pc=0x000000010861f770 method=java.lang.String.indexOf([CII[CIII)I @ 27
Event: 3.407 Thread 0x00007fab4216b000 Uncommon trap: reason=unstable_if action=reinterpret pc=0x000000010834a518 method=java.lang.String.indexOf([CII[CIII)I @ 27

Internal exceptions (10 events):
Event: 0.737 Thread 0x00007fab4216b000 Exception <a 'java/lang/ArrayIndexOutOfBoundsException'> (0x000000076c609f88) thrown at [/Users/java_re/workspace/8-2-build-macosx-x86_64/jdk8u40/3153/hotspot/src/share/vm/runtime/sharedRuntime.cpp, line 605]
Event: 0.753 Thread 0x00007fab4216b000 Implicit null exception at 0x0000000108251ef5 to 0x000000010825212d
Event: 0.753 Thread 0x00007fab4216b000 Implicit null exception at 0x000000010824237b to 0x0000000108242dc9
Event: 0.770 Thread 0x00007fab4216b000 Exception <a 'java/io/FileNotFoundException'> (0x000000076c7edd40) thrown at [/Users/java_re/workspace/8-2-build-macosx-x86_64/jdk8u40/3153/hotspot/src/share/vm/prims/jni.cpp, line 709]
Event: 0.776 Thread 0x00007fab4216b000 Exception <a 'java/io/FileNotFoundException'> (0x000000076c8471c8) thrown at [/Users/java_re/workspace/8-2-build-macosx-x86_64/jdk8u40/3153/hotspot/src/share/vm/prims/jni.cpp, line 709]
Event: 0.839 Thread 0x00007fab4216b000 Exception <a 'java/io/FileNotFoundException'> (0x000000076ca5cd88) thrown at [/Users/java_re/workspace/8-2-build-macosx-x86_64/jdk8u40/3153/hotspot/src/share/vm/prims/jni.cpp, line 709]
Event: 0.980 Thread 0x00007fab4216b000 Exception <a 'java/io/FileNotFoundException'> (0x000000076d05a030) thrown at [/Users/java_re/workspace/8-2-build-macosx-x86_64/jdk8u40/3153/hotspot/src/share/vm/prims/jni.cpp, line 709]
Event: 2.479 Thread 0x00007fab4216b000 Implicit null exception at 0x00000001081fc875 to 0x00000001081fcbe1
Event: 2.988 Thread 0x00007fab4216b000 Exception <a 'java/lang/NullPointerException'> (0x000000076d01c850) thrown at [/Users/java_re/workspace/8-2-build-macosx-x86_64/jdk8u40/3153/hotspot/src/share/vm/runtime/reflection.cpp, line 921]
Event: 3.495 Thread 0x00007fab4216b000 Exception <a 'java/lang/NullPointerException'> (0x000000076c727550) thrown at [/Users/java_re/workspace/8-2-build-macosx-x86_64/jdk8u40/3153/hotspot/src/share/vm/interpreter/linkResolver.cpp, line 1178]

Events (10 events):
Event: 3.506 loading class com/sun/javafx/tk/quantum/QuantumRenderer done
Event: 3.507 loading class com/sun/javafx/tk/quantum/QuantumToolkit
Event: 3.507 loading class com/sun/javafx/tk/quantum/QuantumToolkit done
Event: 3.507 Thread 0x00007fab4187c000 Thread exited: 0x00007fab4187c000
Event: 3.507 Thread 0x00007fab418d8800 Thread exited: 0x00007fab418d8800
Event: 3.507 Thread 0x00007fab41013000 Thread exited: 0x00007fab41013000
Event: 3.507 Thread 0x00007fab4216b000 Thread exited: 0x00007fab4216b000
Event: 3.507 Thread 0x00007fab440b4000 Thread added: 0x00007fab440b4000
Event: 4.095 Executing VM operation: EnableBiasedLocking
Event: 4.095 Executing VM operation: EnableBiasedLocking done


Dynamic libraries:
0x0000000006f61000 	/System/Library/Frameworks/Cocoa.framework/Versions/A/Cocoa
0x0000000006f61000 	/System/Library/Frameworks/Security.framework/Versions/A/Security
0x0000000006f61000 	/System/Library/Frameworks/ApplicationServices.framework/Versions/A/ApplicationServices
0x0000000006f61000 	/usr/lib/libz.1.dylib
0x0000000006f61000 	/usr/lib/libSystem.B.dylib
0x0000000006f61000 	/usr/lib/libobjc.A.dylib
0x0000000006f61000 	/System/Library/Frameworks/CoreFoundation.framework/Versions/A/CoreFoundation
0x0000000006f61000 	/System/Library/Frameworks/Foundation.framework/Versions/C/Foundation
0x0000000006f61000 	/System/Library/Frameworks/AppKit.framework/Versions/C/AppKit
0x0000000006f61000 	/System/Library/Frameworks/CoreData.framework/Versions/A/CoreData
0x0000000006f61000 	/System/Library/PrivateFrameworks/RemoteViewServices.framework/Versions/A/RemoteViewServices
0x0000000006f61000 	/System/Library/PrivateFrameworks/UIFoundation.framework/Versions/A/UIFoundation
0x0000000006f61000 	/usr/lib/libScreenReader.dylib
0x0000000006f61000 	/System/Library/Frameworks/Accelerate.framework/Versions/A/Accelerate
0x0000000006f61000 	/System/Library/Frameworks/IOSurface.framework/Versions/A/IOSurface
0x0000000006f61000 	/System/Library/Frameworks/AudioToolbox.framework/Versions/A/AudioToolbox
0x0000000006f61000 	/System/Library/Frameworks/AudioUnit.framework/Versions/A/AudioUnit
0x0000000006f61000 	/System/Library/PrivateFrameworks/DataDetectorsCore.framework/Versions/A/DataDetectorsCore
0x0000000006f61000 	/System/Library/PrivateFrameworks/DesktopServicesPriv.framework/Versions/A/DesktopServicesPriv
0x0000000006f61000 	/System/Library/Frameworks/Carbon.framework/Versions/A/Frameworks/HIToolbox.framework/Versions/A/HIToolbox
0x0000000006f61000 	/System/Library/Frameworks/QuartzCore.framework/Versions/A/QuartzCore
0x0000000006f61000 	/System/Library/Frameworks/Carbon.framework/Versions/A/Frameworks/SpeechRecognition.framework/Versions/A/SpeechRecognition
0x0000000006f61000 	/usr/lib/libauto.dylib
0x0000000006f61000 	/usr/lib/libicucore.A.dylib
0x0000000006f61000 	/usr/lib/libxml2.2.dylib
0x0000000006f61000 	/System/Library/PrivateFrameworks/CoreUI.framework/Versions/A/CoreUI
0x0000000006f61000 	/System/Library/Frameworks/CoreAudio.framework/Versions/A/CoreAudio
0x0000000006f61000 	/System/Library/Frameworks/DiskArbitration.framework/Versions/A/DiskArbitration
0x0000000006f61000 	/usr/lib/liblangid.dylib
0x0000000006f61000 	/System/Library/PrivateFrameworks/MultitouchSupport.framework/Versions/A/MultitouchSupport
0x0000000006f61000 	/System/Library/Frameworks/IOKit.framework/Versions/A/IOKit
0x0000000006f61000 	/usr/lib/libDiagnosticMessagesClient.dylib
0x0000000006f61000 	/System/Library/Frameworks/CoreServices.framework/Versions/A/CoreServices
0x0000000006f61000 	/System/Library/PrivateFrameworks/PerformanceAnalysis.framework/Versions/A/PerformanceAnalysis
0x0000000006f61000 	/System/Library/PrivateFrameworks/GenerationalStorage.framework/Versions/A/GenerationalStorage
0x0000000006f61000 	/System/Library/Frameworks/OpenGL.framework/Versions/A/OpenGL
0x0000000006f61000 	/System/Library/PrivateFrameworks/Sharing.framework/Versions/A/Sharing
0x0000000006f61000 	/System/Library/Frameworks/CoreGraphics.framework/Versions/A/CoreGraphics
0x0000000006f61000 	/System/Library/Frameworks/CoreImage.framework/Versions/A/CoreImage
0x0000000006f61000 	/System/Library/Frameworks/CoreText.framework/Versions/A/CoreText
0x0000000006f61000 	/System/Library/Frameworks/ImageIO.framework/Versions/A/ImageIO
0x0000000006f61000 	/System/Library/PrivateFrameworks/Backup.framework/Versions/A/Backup
0x0000000006f61000 	/usr/lib/libextension.dylib
0x0000000006f61000 	/usr/lib/libarchive.2.dylib
0x0000000006f61000 	/System/Library/Frameworks/CFNetwork.framework/Versions/A/CFNetwork
0x0000000006f61000 	/System/Library/Frameworks/SystemConfiguration.framework/Versions/A/SystemConfiguration
0x0000000006f61000 	/usr/lib/libCRFSuite.dylib
0x0000000006f61000 	/usr/lib/libc++.1.dylib
0x0000000006f61000 	/usr/lib/libc++abi.dylib
0x0000000006f61000 	/usr/lib/system/libcache.dylib
0x0000000006f61000 	/usr/lib/system/libcommonCrypto.dylib
0x0000000006f61000 	/usr/lib/system/libcompiler_rt.dylib
0x0000000006f61000 	/usr/lib/system/libcopyfile.dylib
0x0000000006f61000 	/usr/lib/system/libcorecrypto.dylib
0x0000000006f61000 	/usr/lib/system/libdispatch.dylib
0x0000000006f61000 	/usr/lib/system/libdyld.dylib
0x0000000006f61000 	/usr/lib/system/libkeymgr.dylib
0x0000000006f61000 	/usr/lib/system/liblaunch.dylib
0x0000000006f61000 	/usr/lib/system/libmacho.dylib
0x0000000006f61000 	/usr/lib/system/libquarantine.dylib
0x0000000006f61000 	/usr/lib/system/libremovefile.dylib
0x0000000006f61000 	/usr/lib/system/libsystem_asl.dylib
0x0000000006f61000 	/usr/lib/system/libsystem_blocks.dylib
0x0000000006f61000 	/usr/lib/system/libsystem_c.dylib
0x0000000006f61000 	/usr/lib/system/libsystem_configuration.dylib
0x0000000006f61000 	/usr/lib/system/libsystem_coreservices.dylib
0x0000000006f61000 	/usr/lib/system/libsystem_coretls.dylib
0x0000000006f61000 	/usr/lib/system/libsystem_dnssd.dylib
0x0000000006f61000 	/usr/lib/system/libsystem_info.dylib
0x0000000006f61000 	/usr/lib/system/libsystem_kernel.dylib
0x0000000006f61000 	/usr/lib/system/libsystem_m.dylib
0x0000000006f61000 	/usr/lib/system/libsystem_malloc.dylib
0x0000000006f61000 	/usr/lib/system/libsystem_network.dylib
0x0000000006f61000 	/usr/lib/system/libsystem_networkextension.dylib
0x0000000006f61000 	/usr/lib/system/libsystem_notify.dylib
0x0000000006f61000 	/usr/lib/system/libsystem_platform.dylib
0x0000000006f61000 	/usr/lib/system/libsystem_pthread.dylib
0x0000000006f61000 	/usr/lib/system/libsystem_sandbox.dylib
0x0000000006f61000 	/usr/lib/system/libsystem_secinit.dylib
0x0000000006f61000 	/usr/lib/system/libsystem_trace.dylib
0x0000000006f61000 	/usr/lib/system/libunc.dylib
0x0000000006f61000 	/usr/lib/system/libunwind.dylib
0x0000000006f61000 	/usr/lib/system/libxpc.dylib
0x0000000006f61000 	/usr/lib/libenergytrace.dylib
0x0000000006f61000 	/usr/lib/libbsm.0.dylib
0x0000000006f61000 	/usr/lib/system/libkxld.dylib
0x0000000006f61000 	/usr/lib/libxar.1.dylib
0x0000000006f61000 	/usr/lib/libsqlite3.dylib
0x0000000006f61000 	/usr/lib/libpam.2.dylib
0x0000000006f61000 	/usr/lib/libOpenScriptingUtil.dylib
0x0000000006f61000 	/usr/lib/libbz2.1.0.dylib
0x0000000006f61000 	/usr/lib/liblzma.5.dylib
0x0000000006f61000 	/System/Library/Frameworks/CoreServices.framework/Versions/A/Frameworks/FSEvents.framework/Versions/A/FSEvents
0x0000000006f61000 	/System/Library/Frameworks/CoreServices.framework/Versions/A/Frameworks/CarbonCore.framework/Versions/A/CarbonCore
0x0000000006f61000 	/System/Library/Frameworks/CoreServices.framework/Versions/A/Frameworks/Metadata.framework/Versions/A/Metadata
0x0000000006f61000 	/System/Library/Frameworks/CoreServices.framework/Versions/A/Frameworks/OSServices.framework/Versions/A/OSServices
0x0000000006f61000 	/System/Library/Frameworks/CoreServices.framework/Versions/A/Frameworks/SearchKit.framework/Versions/A/SearchKit
0x0000000006f61000 	/System/Library/Frameworks/CoreServices.framework/Versions/A/Frameworks/AE.framework/Versions/A/AE
0x0000000006f61000 	/System/Library/Frameworks/CoreServices.framework/Versions/A/Frameworks/LaunchServices.framework/Versions/A/LaunchServices
0x0000000006f61000 	/System/Library/Frameworks/CoreServices.framework/Versions/A/Frameworks/DictionaryServices.framework/Versions/A/DictionaryServices
0x0000000006f61000 	/System/Library/Frameworks/CoreServices.framework/Versions/A/Frameworks/SharedFileList.framework/Versions/A/SharedFileList
0x0000000006f61000 	/System/Library/Frameworks/NetFS.framework/Versions/A/NetFS
0x0000000006f61000 	/System/Library/PrivateFrameworks/NetAuth.framework/Versions/A/NetAuth
0x0000000006f61000 	/System/Library/PrivateFrameworks/login.framework/Versions/A/Frameworks/loginsupport.framework/Versions/A/loginsupport
0x0000000006f61000 	/System/Library/PrivateFrameworks/TCC.framework/Versions/A/TCC
0x0000000006f61000 	/usr/lib/libmecabra.dylib
0x0000000006f61000 	/System/Library/Frameworks/ApplicationServices.framework/Versions/A/Frameworks/ATS.framework/Versions/A/ATS
0x0000000006f61000 	/System/Library/Frameworks/ApplicationServices.framework/Versions/A/Frameworks/ColorSync.framework/Versions/A/ColorSync
0x0000000006f61000 	/System/Library/Frameworks/ApplicationServices.framework/Versions/A/Frameworks/HIServices.framework/Versions/A/HIServices
0x0000000006f61000 	/System/Library/Frameworks/ApplicationServices.framework/Versions/A/Frameworks/LangAnalysis.framework/Versions/A/LangAnalysis
0x0000000006f61000 	/System/Library/Frameworks/ApplicationServices.framework/Versions/A/Frameworks/PrintCore.framework/Versions/A/PrintCore
0x0000000006f61000 	/System/Library/Frameworks/ApplicationServices.framework/Versions/A/Frameworks/QD.framework/Versions/A/QD
0x0000000006f61000 	/System/Library/Frameworks/ApplicationServices.framework/Versions/A/Frameworks/SpeechSynthesis.framework/Versions/A/SpeechSynthesis
0x0000000006f61000 	/System/Library/Frameworks/Metal.framework/Versions/A/Metal
0x0000000006f61000 	/System/Library/Frameworks/Accelerate.framework/Versions/A/Frameworks/vImage.framework/Versions/A/vImage
0x0000000006f61000 	/System/Library/Frameworks/Accelerate.framework/Versions/A/Frameworks/vecLib.framework/Versions/A/vecLib
0x0000000006f61000 	/System/Library/Frameworks/Accelerate.framework/Versions/A/Frameworks/vecLib.framework/Versions/A/libvDSP.dylib
0x0000000006f61000 	/System/Library/Frameworks/Accelerate.framework/Versions/A/Frameworks/vecLib.framework/Versions/A/libvMisc.dylib
0x0000000006f61000 	/System/Library/Frameworks/Accelerate.framework/Versions/A/Frameworks/vecLib.framework/Versions/A/libLAPACK.dylib
0x0000000006f61000 	/System/Library/Frameworks/Accelerate.framework/Versions/A/Frameworks/vecLib.framework/Versions/A/libBLAS.dylib
0x0000000006f61000 	/System/Library/Frameworks/Accelerate.framework/Versions/A/Frameworks/vecLib.framework/Versions/A/libLinearAlgebra.dylib
0x0000000006f61000 	/System/Library/Frameworks/Accelerate.framework/Versions/A/Frameworks/vecLib.framework/Versions/A/libSparseBLAS.dylib
0x0000000006f61000 	/System/Library/PrivateFrameworks/GPUCompiler.framework/libmetal_timestamp.dylib
0x0000000006f61000 	/System/Library/Frameworks/OpenGL.framework/Versions/A/Libraries/libCoreFSCache.dylib
0x0000000006f61000 	/System/Library/PrivateFrameworks/IOAccelerator.framework/Versions/A/IOAccelerator
0x0000000006f61000 	/System/Library/Frameworks/ApplicationServices.framework/Versions/A/Frameworks/ATS.framework/Versions/A/Resources/libFontParser.dylib
0x0000000006f61000 	/System/Library/Frameworks/ApplicationServices.framework/Versions/A/Frameworks/ATS.framework/Versions/A/Resources/libFontRegistry.dylib
0x0000000006f61000 	/System/Library/PrivateFrameworks/AppleVPA.framework/Versions/A/AppleVPA
0x0000000006f61000 	/System/Library/PrivateFrameworks/AppleJPEG.framework/Versions/A/AppleJPEG
0x0000000006f61000 	/System/Library/Frameworks/ImageIO.framework/Versions/A/Resources/libJPEG.dylib
0x0000000006f61000 	/System/Library/Frameworks/ImageIO.framework/Versions/A/Resources/libTIFF.dylib
0x0000000006f61000 	/System/Library/Frameworks/ImageIO.framework/Versions/A/Resources/libPng.dylib
0x0000000006f61000 	/System/Library/Frameworks/ImageIO.framework/Versions/A/Resources/libGIF.dylib
0x0000000006f61000 	/System/Library/Frameworks/ImageIO.framework/Versions/A/Resources/libJP2.dylib
0x0000000006f61000 	/System/Library/Frameworks/ImageIO.framework/Versions/A/Resources/libRadiance.dylib
0x0000000006f61000 	/System/Library/Frameworks/CoreVideo.framework/Versions/A/CoreVideo
0x0000000006f61000 	/System/Library/Frameworks/OpenGL.framework/Versions/A/Libraries/libGLU.dylib
0x0000000006f61000 	/System/Library/Frameworks/OpenGL.framework/Versions/A/Libraries/libGFXShared.dylib
0x0000000006f61000 	/System/Library/Frameworks/OpenGL.framework/Versions/A/Libraries/libGL.dylib
0x0000000006f61000 	/System/Library/Frameworks/OpenGL.framework/Versions/A/Libraries/libGLImage.dylib
0x0000000006f61000 	/System/Library/Frameworks/OpenGL.framework/Versions/A/Libraries/libCVMSPluginSupport.dylib
0x0000000006f61000 	/System/Library/Frameworks/OpenGL.framework/Versions/A/Libraries/libCoreVMClient.dylib
0x0000000006f61000 	/usr/lib/libcompression.dylib
0x0000000006f61000 	/usr/lib/libcups.2.dylib
0x0000000006f61000 	/System/Library/Frameworks/Kerberos.framework/Versions/A/Kerberos
0x0000000006f61000 	/System/Library/Frameworks/GSS.framework/Versions/A/GSS
0x0000000006f61000 	/usr/lib/libresolv.9.dylib
0x0000000006f61000 	/usr/lib/libiconv.2.dylib
0x0000000006f61000 	/System/Library/PrivateFrameworks/Heimdal.framework/Versions/A/Heimdal
0x0000000006f61000 	/usr/lib/libheimdal-asn1.dylib
0x0000000006f61000 	/System/Library/Frameworks/OpenDirectory.framework/Versions/A/OpenDirectory
0x0000000006f61000 	/System/Library/PrivateFrameworks/CommonAuth.framework/Versions/A/CommonAuth
0x0000000006f61000 	/System/Library/Frameworks/OpenDirectory.framework/Versions/A/Frameworks/CFOpenDirectory.framework/Versions/A/CFOpenDirectory
0x0000000006f61000 	/System/Library/Frameworks/SecurityFoundation.framework/Versions/A/SecurityFoundation
0x0000000006f61000 	/System/Library/PrivateFrameworks/LanguageModeling.framework/Versions/A/LanguageModeling
0x0000000006f61000 	/usr/lib/libmarisa.dylib
0x0000000006f61000 	/usr/lib/libChineseTokenizer.dylib
0x0000000006f61000 	/usr/lib/libcmph.dylib
0x0000000006f61000 	/System/Library/Frameworks/ServiceManagement.framework/Versions/A/ServiceManagement
0x0000000006f61000 	/usr/lib/libxslt.1.dylib
0x0000000006f61000 	/System/Library/Frameworks/Carbon.framework/Versions/A/Frameworks/Ink.framework/Versions/A/Ink
0x0000000006f61000 	/usr/lib/libFosl_dynamic.dylib
0x0000000006f61000 	/System/Library/PrivateFrameworks/FaceCore.framework/Versions/A/FaceCore
0x0000000006f61000 	/System/Library/Frameworks/OpenCL.framework/Versions/A/OpenCL
0x0000000006f61000 	/System/Library/PrivateFrameworks/CrashReporterSupport.framework/Versions/A/CrashReporterSupport
0x0000000006f61000 	/System/Library/PrivateFrameworks/IconServices.framework/Versions/A/IconServices
0x0000000006f61000 	/System/Library/PrivateFrameworks/Apple80211.framework/Versions/A/Apple80211
0x0000000006f61000 	/System/Library/Frameworks/CoreWLAN.framework/Versions/A/CoreWLAN
0x0000000006f61000 	/System/Library/Frameworks/IOBluetooth.framework/Versions/A/IOBluetooth
0x0000000006f61000 	/System/Library/PrivateFrameworks/CoreWiFi.framework/Versions/A/CoreWiFi
0x0000000006f61000 	/System/Library/Frameworks/CoreBluetooth.framework/Versions/A/CoreBluetooth
0x0000000006f61000 	/System/Library/PrivateFrameworks/ChunkingLibrary.framework/Versions/A/ChunkingLibrary
0x0000000006f61000 	/System/Library/PrivateFrameworks/DebugSymbols.framework/Versions/A/DebugSymbols
0x0000000006f61000 	/System/Library/PrivateFrameworks/CoreSymbolication.framework/Versions/A/CoreSymbolication
0x0000000006f61000 	/System/Library/PrivateFrameworks/Symbolication.framework/Versions/A/Symbolication
0x0000000006f61000 	/System/Library/PrivateFrameworks/SpeechRecognitionCore.framework/Versions/A/SpeechRecognitionCore
0x0000000107000000 	/Library/Java/JavaVirtualMachines/jdk1.8.0_40.jdk/Contents/Home/jre/lib/server/libjvm.dylib
0x0000000006f61000 	/usr/lib/libstdc++.6.dylib
0x0000000105e5c000 	/Library/Java/JavaVirtualMachines/jdk1.8.0_40.jdk/Contents/Home/jre/lib/libverify.dylib
0x0000000105e6a000 	/Library/Java/JavaVirtualMachines/jdk1.8.0_40.jdk/Contents/Home/jre/lib/libjava.dylib
0x0000000105ea9000 	/Library/Java/JavaVirtualMachines/jdk1.8.0_40.jdk/Contents/Home/jre/lib/libzip.dylib
0x0000000122ed5000 	/System/Library/Frameworks/JavaVM.framework/Frameworks/JavaRuntimeSupport.framework/JavaRuntimeSupport
0x0000000122ef0000 	/System/Library/Frameworks/JavaVM.framework/Versions/A/Frameworks/JavaNativeFoundation.framework/Versions/A/JavaNativeFoundation
0x0000000122f05000 	/System/Library/Frameworks/JavaVM.framework/Versions/A/JavaVM
0x0000000006f61000 	/System/Library/Frameworks/Carbon.framework/Versions/A/Carbon
0x0000000122f12000 	/System/Library/PrivateFrameworks/JavaLaunching.framework/Versions/A/JavaLaunching
0x0000000006f61000 	/System/Library/Frameworks/Carbon.framework/Versions/A/Frameworks/CommonPanels.framework/Versions/A/CommonPanels
0x0000000006f61000 	/System/Library/Frameworks/Carbon.framework/Versions/A/Frameworks/Help.framework/Versions/A/Help
0x0000000006f61000 	/System/Library/Frameworks/Carbon.framework/Versions/A/Frameworks/ImageCapture.framework/Versions/A/ImageCapture
0x0000000006f61000 	/System/Library/Frameworks/Carbon.framework/Versions/A/Frameworks/OpenScripting.framework/Versions/A/OpenScripting
0x0000000006f61000 	/System/Library/Frameworks/Carbon.framework/Versions/A/Frameworks/Print.framework/Versions/A/Print
0x0000000006f61000 	/System/Library/Frameworks/Carbon.framework/Versions/A/Frameworks/SecurityHI.framework/Versions/A/SecurityHI
0x0000000124903000 	/Library/Java/JavaVirtualMachines/jdk1.8.0_40.jdk/Contents/Home/jre/lib/libprism_es2.dylib
0x0000000124985000 	/System/Library/Frameworks/OpenGL.framework/Resources/GLEngine.bundle/GLEngine
0x0000000006f61000 	/System/Library/Frameworks/OpenGL.framework/Versions/A/Libraries/libGLProgrammability.dylib
0x0000000124b6d000 	/System/Library/Extensions/AppleIntelHD5000GraphicsGLDriver.bundle/Contents/MacOS/AppleIntelHD5000GraphicsGLDriver
0x0000000006f61000 	/System/Library/PrivateFrameworks/GPUSupport.framework/Versions/A/Libraries/libGPUSupportMercury.dylib
0x0000000006f61000 	/System/Library/Extensions/GeForceGLDriver.bundle/Contents/MacOS/GeForceGLDriver
0x0000000006f61000 	/System/Library/Extensions/GeForceGLDriver.bundle/Contents/MacOS/libclh.dylib
0x00000001252c3000 	/System/Library/Frameworks/OpenGL.framework/Resources//GLRendererFloat.bundle/GLRendererFloat
0x0000000006f61000 	/System/Library/Frameworks/OpenCL.framework/Versions/A/Libraries/libcldcpuengine.dylib
0x0000000006f61000 	/System/Library/PrivateFrameworks/DiskImages.framework/Versions/A/DiskImages
0x0000000006f61000 	/System/Library/Frameworks/DiscRecording.framework/Versions/A/DiscRecording
0x0000000006f61000 	/usr/lib/libcsfde.dylib
0x0000000006f61000 	/usr/lib/libcurl.4.dylib
0x0000000006f61000 	/System/Library/PrivateFrameworks/MediaKit.framework/Versions/A/MediaKit
0x0000000006f61000 	/System/Library/PrivateFrameworks/ProtectedCloudStorage.framework/Versions/A/ProtectedCloudStorage
0x0000000006f61000 	/usr/lib/libCoreStorage.dylib
0x0000000006f61000 	/System/Library/PrivateFrameworks/EFILogin.framework/Versions/A/EFILogin
0x0000000006f61000 	/usr/lib/libutil.dylib
0x0000000006f61000 	/System/Library/PrivateFrameworks/FindMyDevice.framework/Versions/A/FindMyDevice
0x0000000006f61000 	/System/Library/Frameworks/LDAP.framework/Versions/A/LDAP
0x0000000006f61000 	/usr/lib/libsasl2.2.dylib
0x0000000006f61000 	/System/Library/PrivateFrameworks/CoreDaemon.framework/Versions/B/CoreDaemon
0x0000000006f61000 	/usr/lib/libcrypto.0.9.8.dylib
0x0000000006f61000 	/System/Library/PrivateFrameworks/AppleSRP.framework/Versions/A/AppleSRP
0x0000000006f61000 	/System/Library/PrivateFrameworks/TrustEvaluationAgent.framework/Versions/A/TrustEvaluationAgent
0x000000012555f000 	/Library/Java/JavaVirtualMachines/jdk1.8.0_40.jdk/Contents/Home/jre/lib/libglass.dylib
0x0000000006f61000 	/System/Library/PrivateFrameworks/CoreServicesInternal.framework/Versions/A/CoreServicesInternal
0x0000000006f61000 	/System/Library/CoreServices/RawCamera.bundle/Contents/MacOS/RawCamera
0x0000000006f61000 	/System/Library/Frameworks/CoreGraphics.framework/Versions/A/Resources/libRIP.A.dylib
0x0000000126291000 	/System/Library/Frameworks/Accelerate.framework/Frameworks/vImage.framework/Versions/A/Libraries/libCGInterfaces.dylib
0x0000000006f61000 	/System/Library/PrivateFrameworks/FamilyControls.framework/Versions/A/FamilyControls
0x0000000006f61000 	/System/Library/PrivateFrameworks/CommerceKit.framework/Versions/A/Frameworks/CommerceCore.framework/Versions/A/CommerceCore
0x0000000006f61000 	/System/Library/PrivateFrameworks/SystemAdministration.framework/Versions/A/SystemAdministration
0x0000000006f61000 	/System/Library/PrivateFrameworks/AppContainer.framework/Versions/A/AppContainer
0x0000000006f61000 	/System/Library/PrivateFrameworks/SecCodeWrapper.framework/Versions/A/SecCodeWrapper
0x0000000006f61000 	/System/Library/Frameworks/DirectoryService.framework/Versions/A/DirectoryService
0x0000000006f61000 	/System/Library/PrivateFrameworks/LoginUIKit.framework/Versions/A/Frameworks/LoginUICore.framework/Versions/A/LoginUICore
0x0000000006f61000 	/usr/lib/libodfde.dylib
0x0000000128fa3000 	/Library/Java/JavaVirtualMachines/jdk1.8.0_40.jdk/Contents/Home/jre/lib/libjavafx_iio.dylib
0x0000000128fdb000 	/Library/Java/JavaVirtualMachines/jdk1.8.0_40.jdk/Contents/Home/jre/lib/libjavafx_font.dylib
0x0000000006f61000 	/System/Library/Frameworks/CoreGraphics.framework/Versions/A/Resources/libCGXType.A.dylib
0x000000012a8a7000 	cl_kernels
0x0000000006f61000 	/System/Library/Frameworks/OpenCL.framework/Versions/A/Libraries/ImageFormats/unorm8_bgra.dylib
0x0000000006f61000 	/System/Library/Frameworks/OpenCL.framework/Versions/A/Libraries/ImageFormats/unorm8_rgba.dylib
0x000000012c721000 	/Library/Java/JavaVirtualMachines/jdk1.8.0_40.jdk/Contents/Home/jre/lib/libprism_common.dylib
0x000000012dad9000 	/System/Library/Extensions/GeForceMTLDriver.bundle/Contents/MacOS/GeForceMTLDriver
0x000000012dcd6000 	/System/Library/Extensions/AppleIntelHD5000GraphicsMTLDriver.bundle/Contents/MacOS/AppleIntelHD5000GraphicsMTLDriver
0x00000001263d2000 	/Library/Java/JavaVirtualMachines/jdk1.8.0_40.jdk/Contents/Home/jre/lib/libnet.dylib

VM Arguments:
jvm_args: -Dfile.encoding=UTF-8 
java_command: application.Principal
java_class_path (initial): /Users/maiquelknechtel/workspace/controleOrdemServicoJFX/target/classes:/Users/maiquelknechtel/.p2/pool/plugins/org.eclipse.fx.ide.css.jfx8_2.3.0.201603030809.jar:/Users/maiquelknechtel/workspace/controleOrdemServicoJFX/lib/antlr-2.7.7.jar:/Users/maiquelknechtel/workspace/controleOrdemServicoJFX/lib/c3p0-0.9.2.1.jar:/Users/maiquelknechtel/workspace/controleOrdemServicoJFX/lib/dom4j-1.6.1.jar:/Users/maiquelknechtel/workspace/controleOrdemServicoJFX/lib/ehcache-core-2.4.3.jar:/Users/maiquelknechtel/workspace/controleOrdemServicoJFX/lib/hibernate-c3p0-4.3.5.Final.jar:/Users/maiquelknechtel/workspace/controleOrdemServicoJFX/lib/hibernate-commons-annotations-4.0.4.Final.jar:/Users/maiquelknechtel/workspace/controleOrdemServicoJFX/lib/hibernate-core-4.3.5.Final.jar:/Users/maiquelknechtel/workspace/controleOrdemServicoJFX/lib/hibernate-ehcache-4.3.5.Final.jar:/Users/maiquelknechtel/workspace/controleOrdemServicoJFX/lib/hibernate-entitymanager-4.3.5.Final.jar:/Users/maiquelknechtel/workspace/controleOrdemServicoJFX/lib/hibernate-envers-4.3.5.Final.jar:/Users/maiquelknechtel/workspace/controleOrdemServicoJFX/lib/hibernate-infinispan-4.3.5.Final-tests.jar:/Users/maiquelknechtel/workspace/controleOrdemServicoJFX/lib/hibernate-infinispan-4.3.5.Final.jar:/Users/maiquelknechtel/workspace/controleOrdemServicoJFX/lib/hibernate-jpa-2.1-api-1.0.0.Final.jar:/Users/maiquelknechtel/workspace/controleOrdemServicoJFX/lib/hibernate-jpamodelgen-4.3.5.Final.jar:/Users/maiquelknechtel/workspace/controleOrdemServicoJFX/lib/hibernate-osgi-4.3.5.Final.jar:/Users/maiquelknechtel/workspace/controleOrdemServicoJFX/lib/hibernate-proxool-4.3.5.Final.jar:/Users/maiquelknechtel/workspace/controleOrdemServicoJFX/lib/infinispan-commons-6.0.0.Final.jar:/Users/maiquelknechtel/workspace/controleOrdemServicoJFX/lib/infinispan-core-6.0.0.Final.jar:/Users/maiquelknechtel/workspace/controleOrdemServicoJFX/lib/jandex-1.1.0.Final.jar:/Users/maiquelknechtel/workspace/controleOrdemServi
Launcher Type: SUN_STANDARD

Environment Variables:
PATH=/usr/bin:/bin:/usr/sbin:/sbin
SHELL=/bin/bash
DISPLAY=/private/tmp/com.apple.launchd.d45P3AG18v/org.macosforge.xquartz:0

Signal Handlers:
SIGSEGV: [libjvm.dylib+0x58ef95], sa_mask[0]=11111111011111110111111111111111, sa_flags=SA_ONSTACK|SA_RESTART|SA_SIGINFO
SIGBUS: [libjvm.dylib+0x58ef95], sa_mask[0]=11111111011111110111111111111111, sa_flags=SA_RESTART|SA_SIGINFO
SIGFPE: [libjvm.dylib+0x46c118], sa_mask[0]=11111111011111110111111111111111, sa_flags=SA_RESTART|SA_SIGINFO
SIGPIPE: [libjvm.dylib+0x46c118], sa_mask[0]=11111111011111110111111111111111, sa_flags=SA_RESTART|SA_SIGINFO
SIGXFSZ: [libjvm.dylib+0x46c118], sa_mask[0]=11111111011111110111111111111111, sa_flags=SA_RESTART|SA_SIGINFO
SIGILL: [libjvm.dylib+0x46c118], sa_mask[0]=11111111011111110111111111111111, sa_flags=SA_RESTART|SA_SIGINFO
SIGUSR1: SIG_DFL, sa_mask[0]=00000000000000000000000000000000, sa_flags=none
SIGUSR2: [libjvm.dylib+0x46bc36], sa_mask[0]=00100000000000000000000000000000, sa_flags=SA_RESTART|SA_SIGINFO
SIGHUP: [libjvm.dylib+0x46a209], sa_mask[0]=11111111011111110111111111111111, sa_flags=SA_RESTART|SA_SIGINFO
SIGINT: [libjvm.dylib+0x46a209], sa_mask[0]=11111111011111110111111111111111, sa_flags=SA_RESTART|SA_SIGINFO
SIGTERM: [libjvm.dylib+0x46a209], sa_mask[0]=11111111011111110111111111111111, sa_flags=SA_RESTART|SA_SIGINFO
SIGQUIT: [libjvm.dylib+0x46a209], sa_mask[0]=11111111011111110111111111111111, sa_flags=SA_RESTART|SA_SIGINFO


---------------  S Y S T E M  ---------------

OS:Bsduname:Darwin 15.6.0 Darwin Kernel Version 15.6.0: Thu Jun 23 18:25:34 PDT 2016; root:xnu-3248.60.10~1/RELEASE_X86_64 x86_64
rlimit: STACK 8192k, CORE 0k, NPROC 709, NOFILE 10240, AS infinity
load average:1.27 1.39 1.57

CPU:total 8 (4 cores per cpu, 2 threads per core) family 6 model 70 stepping 1, cmov, cx8, fxsr, mmx, sse, sse2, sse3, ssse3, sse4.1, sse4.2, popcnt, avx, avx2, aes, clmul, erms, rtm, lzcnt, ht, tsc, tscinvbit, bmi1, bmi2

Memory: 4k page, physical 16777216k(2177668k free)

/proc/meminfo:


vm_info: Java HotSpot(TM) 64-Bit Server VM (25.40-b25) for bsd-amd64 JRE (1.8.0_40-b27), built on Mar 13 2015 04:46:52 by "java_re" with gcc 4.2.1 (Based on Apple Inc. build 5658) (LLVM build 2336.11.00)

time: Tue Aug 16 18:54:04 2016
elapsed time: 21 seconds (0d 0h 0m 21s)

