#
# A fatal error has been detected by the Java Runtime Environment:
#
#  SIGSEGV (0xb) at pc=0x0000000124acb5dd, pid=22369, tid=2571
#
# JRE version: Java(TM) SE Runtime Environment (8.0_40-b27) (build 1.8.0_40-b27)
# Java VM: Java HotSpot(TM) 64-Bit Server VM (25.40-b25 mixed mode bsd-amd64 compressed oops)
# Problematic frame:
# C  [libglass.dylib+0x155dd]  GlassScreenDidChangeScreenParameters+0x9d
#
# Failed to write core dump. Core dumps have been disabled. To enable core dumping, try "ulimit -c unlimited" before starting Java again
#
# If you would like to submit a bug report, please visit:
#   http://bugreport.java.com/bugreport/crash.jsp
#

---------------  T H R E A D  ---------------

Current thread is native thread

siginfo: si_signo: 11 (SIGSEGV), si_code: 1 (SEGV_MAPERR), si_addr: 0x0000000000000000

Registers:
RAX=0x0000000124afdbc0, RBX=0x0000000000000000, RCX=0x0000000000000103, RDX=0x00007fa6835e0718
RSP=0x00007fff5aac8e50, RBP=0x00007fff5aac8e60, RSI=0x00007fa683606470, RDI=0x0000000000000000
R8 =0x0000000000000040, R9 =0x00007fff7819a1e0, R10=0xffffffffffffffff, R11=0x0000000000000246
R12=0x00007fa685a070f0, R13=0x00007fa683657db0, R14=0x00007fa683657e70, R15=0x0000000000000000
RIP=0x0000000124acb5dd, EFLAGS=0x0000000000010206, ERR=0x0000000000000004
  TRAPNO=0x000000000000000e

Top of Stack: (sp=0x00007fff5aac8e50)
0x00007fff5aac8e50:   00007fff5aac8ea8 00007fa683657e70
0x00007fff5aac8e60:   00007fff5aac8e70 00007fff91a6bbbc
0x00007fff5aac8e70:   00007fff5aac8e90 00007fff91a6bb4f
0x00007fff5aac8e80:   0000000000000000 0000000000000000
0x00007fff5aac8e90:   00007fff5aac8f00 00007fff91a6bac7
0x00007fff5aac8ea0:   00007fff7aff89d0 00007fff785410a0
0x00007fff5aac8eb0:   0000000042000000 00007fff91a6bb10
0x00007fff5aac8ec0:   00007fff78fff720 00007fa683657db0
0x00007fff5aac8ed0:   00007fa685a070f0 00007fff5aac96a8
0x00007fff5aac8ee0:   00007fff7912c780 00007fff5aac96a8
0x00007fff5aac8ef0:   00007fa683657db0 00007fff91e2b9e2
0x00007fff5aac8f00:   00007fff5aac8f40 00007fff91a6b832
0x00007fff5aac8f10:   00007fff5aac9520 0000000000000000
0x00007fff5aac8f20:   00007fff7912c780 00007fff5aac96a8
0x00007fff5aac8f30:   00007fff920a44c0 00007fff91e2b9e2
0x00007fff5aac8f40:   00007fff5aac9650 00007fff91a285e2
0x00007fff5aac8f50:   00007fa685900800 0000000000000002
0x00007fff5aac8f60:   0000000000000000 00007fa68580aaa0
0x00007fff5aac8f70:   00007fa683809048 00007fa683644cc0
0x00007fff5aac8f80:   0000000000000000 00007fa683657ed0
0x00007fff5aac8f90:   0000000000000000 0000000000000000
0x00007fff5aac8fa0:   00007fff7903cbc0 00007fff5aac9520
0x00007fff5aac8fb0:   0000000000000001 0000000000000100
0x00007fff5aac8fc0:   0000000000000400 00007fff5aac9420
0x00007fff5aac8fd0:   0000000000000000 0000000000000100
0x00007fff5aac8fe0:   4095080000000000 00007fff7912c780
0x00007fff5aac8ff0:   0000000000000000 00007fff79000500
0x00007fff5aac9000:   00007fff7912c780 0000000000000000
0x00007fff5aac9010:   00007fff79000500 00007fa685a06ff0
0x00007fff5aac9020:   00007fa685900800 0000000000000002
0x00007fff5aac9030:   0000000000000000 00007fff920a44c0
0x00007fff5aac9040:   00007fff5aac9200 00007fff9bceb480 

Instructions: (pc=0x0000000124acb5dd)
0x0000000124acb5bd:   89 df 4c 89 f1 41 ff 90 68 04 00 00 48 8d 05 f8
0x0000000124acb5cd:   24 03 00 48 8b 30 48 8d 05 e6 25 03 00 48 8b 10
0x0000000124acb5dd:   48 8b 0b 30 c0 48 89 df ff 91 68 04 00 00 48 8b
0x0000000124acb5ed:   03 48 89 df ff 50 78 48 85 c0 74 36 49 89 c6 48 

Register to memory mapping:

RAX=0x0000000124afdbc0: jScreenNotifySettingsChanged+0 in /Library/Java/JavaVirtualMachines/jdk1.8.0_40.jdk/Contents/Home/jre/lib/libglass.dylib at 0x0000000124ab6000
RBX=0x0000000000000000 is an unknown value
RCX=0x0000000000000103 is an unknown value
RDX=0x00007fa6835e0718 is an unknown value
RSP=0x00007fff5aac8e50 is an unknown value
RBP=0x00007fff5aac8e60 is an unknown value
RSI=0x00007fa683606470 is a global jni handle
RDI=0x0000000000000000 is an unknown value
R8 =0x0000000000000040 is an unknown value
R9 =0x00007fff7819a1e0: __sFX+0x1c0 in /usr/lib/system/libsystem_c.dylib at 0x00007fff8bd4c000
R10=0xffffffffffffffff is an unknown value
R11=0x0000000000000246 is an unknown value
R12=0x00007fa685a070f0 is an unknown value
R13=0x00007fa683657db0 is an unknown value
R14=0x00007fa683657e70 is an unknown value
R15=0x0000000000000000 is an unknown value


Stack: [0x00007fff5a2cd000,0x00007fff5aacd000],  sp=0x00007fff5aac8e50,  free space=8175k
Native frames: (J=compiled Java code, j=interpreted, Vv=VM code, C=native code)
C  [libglass.dylib+0x155dd]  GlassScreenDidChangeScreenParameters+0x9d
C  [CoreFoundation+0xa0bbc]  __CFNOTIFICATIONCENTER_IS_CALLING_OUT_TO_AN_OBSERVER__+0xc
C  [CoreFoundation+0xa0b4f]  ___CFXRegistrationPost_block_invoke+0x3f
C  [CoreFoundation+0xa0ac7]  _CFXRegistrationPost+0x197
C  [CoreFoundation+0xa0832]  ___CFXNotificationPost_block_invoke+0x32
C  [CoreFoundation+0x5d5e2]  -[_CFXNotificationRegistrar find:object:observer:enumerator:]+0x782
C  [CoreFoundation+0x5c835]  _CFXNotificationPost+0x2b5
C  [Foundation+0x717a]  -[NSNotificationCenter postNotificationName:object:userInfo:]+0x42
C  [AppKit+0x41c08b]  -[NSApplication _reactToScreenInvalidationImmediately:]+0x17f
C  [AppKit+0x41bedc]  __44-[NSApplication _reactToScreenInvalidation:]_block_invoke+0x3b
C  [CoreFoundation+0xaa4ac]  __CFRUNLOOP_IS_CALLING_OUT_TO_A_BLOCK__+0xc
C  [CoreFoundation+0x89d05]  __CFRunLoopDoBlocks+0x155
C  [CoreFoundation+0x89a6b]  __CFRunLoopRun+0x92b
C  [CoreFoundation+0x88ed8]  CFRunLoopRunSpecific+0x128
C  [java+0x6490]  CreateExecutionEnvironment+0x367
C  [java+0x221c]  JLI_Launch+0x7a0
C  [java+0x84ed]  main+0x65
C  [java+0x1a74]  start+0x34


---------------  P R O C E S S  ---------------

VM state:not at safepoint (normal execution)

VM Mutex/Monitor currently owned by a thread: None

Heap:
 PSYoungGen      total 76288K, used 42469K [0x000000076ab00000, 0x0000000772f80000, 0x00000007c0000000)
  eden space 65536K, 49% used [0x000000076ab00000,0x000000076ca77538,0x000000076eb00000)
  from space 10752K, 95% used [0x000000076eb00000,0x000000076f502270,0x000000076f580000)
  to   space 10752K, 0% used [0x0000000772500000,0x0000000772500000,0x0000000772f80000)
 ParOldGen       total 88064K, used 8115K [0x00000006c0000000, 0x00000006c5600000, 0x000000076ab00000)
  object space 88064K, 9% used [0x00000006c0000000,0x00000006c07ecc88,0x00000006c5600000)
 Metaspace       used 34263K, capacity 35122K, committed 35328K, reserved 1079296K
  class space    used 4800K, capacity 5022K, committed 5120K, reserved 1048576K

Card table byte_map: [0x0000000116732000,0x0000000116f33000] byte_map_base: 0x0000000113132000

Marking Bits: (ParMarkBitMap*) 0x0000000106cc27a0
 Begin Bits: [0x0000000117489000, 0x000000011b489000)
 End Bits:   [0x000000011b489000, 0x000000011f489000)

Polling page: 0x00000001053f6000

CodeCache: size=245760Kb used=8028Kb max_used=8083Kb free=237731Kb
 bounds [0x0000000107372000, 0x0000000107b72000, 0x0000000116372000]
 total_blobs=3290 nmethods=2503 adapters=700
 compilation: enabled

Compilation events (10 events):
Event: 3.359 Thread 0x00007fa683878800 2492       4       java.util.Collections$UnmodifiableList::get (11 bytes)
Event: 3.359 Thread 0x00007fa683878800 nmethod 2492 0x0000000107afef10 code [0x0000000107aff060, 0x0000000107aff178]
Event: 3.359 Thread 0x00007fa683878800 2500       4       java.lang.String::trim (77 bytes)
Event: 3.361 Thread 0x00007fa683878800 nmethod 2500 0x0000000107afd690 code [0x0000000107afd7e0, 0x0000000107afd908]
Event: 3.361 Thread 0x00007fa683878800 2484       4       sun.util.calendar.BaseCalendar::getCalendarDateFromFixedDate (305 bytes)
Event: 3.365 Thread 0x00007fa683878800 nmethod 2484 0x0000000107affcd0 code [0x0000000107affe60, 0x0000000107b00388]
Event: 3.722 Thread 0x00007fa683879000 nmethod 2441 0x0000000107b16b50 code [0x0000000107b17900, 0x0000000107b24588]
Event: 3.755 Thread 0x00007fa68400b800 nmethod 2440 0x0000000107b47fd0 code [0x0000000107b48e00, 0x0000000107b56670]
Event: 20.830 Thread 0x00007fa683878800 2504   !   4       java.lang.ref.ReferenceQueue::remove (125 bytes)
Event: 20.836 Thread 0x00007fa683878800 nmethod 2504 0x0000000107afcad0 code [0x0000000107afcc60, 0x0000000107afd4a8]

GC Heap History (8 events):
Event: 2.224 GC heap before
{Heap before GC invocations=1 (full 0):
 PSYoungGen      total 76288K, used 65536K [0x000000076ab00000, 0x0000000770000000, 0x00000007c0000000)
  eden space 65536K, 100% used [0x000000076ab00000,0x000000076eb00000,0x000000076eb00000)
  from space 10752K, 0% used [0x000000076f580000,0x000000076f580000,0x0000000770000000)
  to   space 10752K, 0% used [0x000000076eb00000,0x000000076eb00000,0x000000076f580000)
 ParOldGen       total 175104K, used 0K [0x00000006c0000000, 0x00000006cab00000, 0x000000076ab00000)
  object space 175104K, 0% used [0x00000006c0000000,0x00000006c0000000,0x00000006cab00000)
 Metaspace       used 17865K, capacity 18660K, committed 18816K, reserved 1064960K
  class space    used 2625K, capacity 2831K, committed 2944K, reserved 1048576K
Event: 2.230 GC heap after
Heap after GC invocations=1 (full 0):
 PSYoungGen      total 76288K, used 8774K [0x000000076ab00000, 0x0000000770000000, 0x00000007c0000000)
  eden space 65536K, 0% used [0x000000076ab00000,0x000000076ab00000,0x000000076eb00000)
  from space 10752K, 81% used [0x000000076eb00000,0x000000076f3918f0,0x000000076f580000)
  to   space 10752K, 0% used [0x000000076f580000,0x000000076f580000,0x0000000770000000)
 ParOldGen       total 175104K, used 88K [0x00000006c0000000, 0x00000006cab00000, 0x000000076ab00000)
  object space 175104K, 0% used [0x00000006c0000000,0x00000006c0016010,0x00000006cab00000)
 Metaspace       used 17865K, capacity 18660K, committed 18816K, reserved 1064960K
  class space    used 2625K, capacity 2831K, committed 2944K, reserved 1048576K
}
Event: 2.293 GC heap before
{Heap before GC invocations=2 (full 0):
 PSYoungGen      total 76288K, used 15648K [0x000000076ab00000, 0x0000000770000000, 0x00000007c0000000)
  eden space 65536K, 10% used [0x000000076ab00000,0x000000076b1b68a0,0x000000076eb00000)
  from space 10752K, 81% used [0x000000076eb00000,0x000000076f3918f0,0x000000076f580000)
  to   space 10752K, 0% used [0x000000076f580000,0x000000076f580000,0x0000000770000000)
 ParOldGen       total 175104K, used 88K [0x00000006c0000000, 0x00000006cab00000, 0x000000076ab00000)
  object space 175104K, 0% used [0x00000006c0000000,0x00000006c0016010,0x00000006cab00000)
 Metaspace       used 20344K, capacity 21124K, committed 21296K, reserved 1067008K
  class space    used 2889K, capacity 3119K, committed 3200K, reserved 1048576K
Event: 2.298 GC heap after
Heap after GC invocations=2 (full 0):
 PSYoungGen      total 76288K, used 8751K [0x000000076ab00000, 0x0000000774000000, 0x00000007c0000000)
  eden space 65536K, 0% used [0x000000076ab00000,0x000000076ab00000,0x000000076eb00000)
  from space 10752K, 81% used [0x000000076f580000,0x000000076fe0bd60,0x0000000770000000)
  to   space 10752K, 0% used [0x000000076eb00000,0x000000076eb00000,0x000000076f580000)
 ParOldGen       total 175104K, used 96K [0x00000006c0000000, 0x00000006cab00000, 0x000000076ab00000)
  object space 175104K, 0% used [0x00000006c0000000,0x00000006c0018010,0x00000006cab00000)
 Metaspace       used 20344K, capacity 21124K, committed 21296K, reserved 1067008K
  class space    used 2889K, capacity 3119K, committed 3200K, reserved 1048576K
}
Event: 2.298 GC heap before
{Heap before GC invocations=3 (full 1):
 PSYoungGen      total 76288K, used 8751K [0x000000076ab00000, 0x0000000774000000, 0x00000007c0000000)
  eden space 65536K, 0% used [0x000000076ab00000,0x000000076ab00000,0x000000076eb00000)
  from space 10752K, 81% used [0x000000076f580000,0x000000076fe0bd60,0x0000000770000000)
  to   space 10752K, 0% used [0x000000076eb00000,0x000000076eb00000,0x000000076f580000)
 ParOldGen       total 175104K, used 96K [0x00000006c0000000, 0x00000006cab00000, 0x000000076ab00000)
  object space 175104K, 0% used [0x00000006c0000000,0x00000006c0018010,0x00000006cab00000)
 Metaspace       used 20344K, capacity 21124K, committed 21296K, reserved 1067008K
  class space    used 2889K, capacity 3119K, committed 3200K, reserved 1048576K
Event: 2.320 GC heap after
Heap after GC invocations=3 (full 1):
 PSYoungGen      total 76288K, used 0K [0x000000076ab00000, 0x0000000774000000, 0x00000007c0000000)
  eden space 65536K, 0% used [0x000000076ab00000,0x000000076ab00000,0x000000076eb00000)
  from space 10752K, 0% used [0x000000076f580000,0x000000076f580000,0x0000000770000000)
  to   space 10752K, 0% used [0x000000076eb00000,0x000000076eb00000,0x000000076f580000)
 ParOldGen       total 88064K, used 8107K [0x00000006c0000000, 0x00000006c5600000, 0x000000076ab00000)
  object space 88064K, 9% used [0x00000006c0000000,0x00000006c07eac88,0x00000006c5600000)
 Metaspace       used 20344K, capacity 21124K, committed 21296K, reserved 1067008K
  class space    used 2889K, capacity 3119K, committed 3200K, reserved 1048576K
}
Event: 3.049 GC heap before
{Heap before GC invocations=4 (full 1):
 PSYoungGen      total 76288K, used 65536K [0x000000076ab00000, 0x0000000774000000, 0x00000007c0000000)
  eden space 65536K, 100% used [0x000000076ab00000,0x000000076eb00000,0x000000076eb00000)
  from space 10752K, 0% used [0x000000076f580000,0x000000076f580000,0x0000000770000000)
  to   space 10752K, 0% used [0x000000076eb00000,0x000000076eb00000,0x000000076f580000)
 ParOldGen       total 88064K, used 8107K [0x00000006c0000000, 0x00000006c5600000, 0x000000076ab00000)
  object space 88064K, 9% used [0x00000006c0000000,0x00000006c07eac88,0x00000006c5600000)
 Metaspace       used 30608K, capacity 31382K, committed 31488K, reserved 1077248K
  class space    used 4309K, capacity 4530K, committed 4608K, reserved 1048576K
Event: 3.054 GC heap after
Heap after GC invocations=4 (full 1):
 PSYoungGen      total 76288K, used 10248K [0x000000076ab00000, 0x0000000772f80000, 0x00000007c0000000)
  eden space 65536K, 0% used [0x000000076ab00000,0x000000076ab00000,0x000000076eb00000)
  from space 10752K, 95% used [0x000000076eb00000,0x000000076f502270,0x000000076f580000)
  to   space 10752K, 0% used [0x0000000772500000,0x0000000772500000,0x0000000772f80000)
 ParOldGen       total 88064K, used 8115K [0x00000006c0000000, 0x00000006c5600000, 0x000000076ab00000)
  object space 88064K, 9% used [0x00000006c0000000,0x00000006c07ecc88,0x00000006c5600000)
 Metaspace       used 30608K, capacity 31382K, committed 31488K, reserved 1077248K
  class space    used 4309K, capacity 4530K, committed 4608K, reserved 1048576K
}

Deoptimization events (10 events):
Event: 2.782 Thread 0x00007fa683936000 Uncommon trap: reason=unstable_if action=reinterpret pc=0x00000001078e9f30 method=java.lang.Class$MethodArray.hasDefaults()Z @ 4
Event: 2.831 Thread 0x00007fa683936000 Uncommon trap: reason=unstable_if action=reinterpret pc=0x0000000107861608 method=java.lang.ref.SoftReference.get()Ljava/lang/Object; @ 17
Event: 2.834 Thread 0x00007fa683936000 Uncommon trap: reason=bimorphic action=maybe_recompile pc=0x00000001079b69a4 method=java.util.HashMap.putVal(ILjava/lang/Object;Ljava/lang/Object;ZZ)Ljava/lang/Object; @ 203
Event: 2.870 Thread 0x00007fa683936000 Uncommon trap: reason=bimorphic action=maybe_recompile pc=0x00000001079b69a4 method=java.util.HashMap.putVal(ILjava/lang/Object;Ljava/lang/Object;ZZ)Ljava/lang/Object; @ 203
Event: 2.870 Thread 0x00007fa683936000 Uncommon trap: reason=bimorphic action=maybe_recompile pc=0x00000001079b69a4 method=java.util.HashMap.putVal(ILjava/lang/Object;Ljava/lang/Object;ZZ)Ljava/lang/Object; @ 203
Event: 2.870 Thread 0x00007fa683936000 Uncommon trap: reason=bimorphic action=maybe_recompile pc=0x00000001079b69a4 method=java.util.HashMap.putVal(ILjava/lang/Object;Ljava/lang/Object;ZZ)Ljava/lang/Object; @ 203
Event: 3.071 Thread 0x00007fa683936000 Uncommon trap: reason=unstable_if action=reinterpret pc=0x00000001078d4198 method=java.lang.Class.privateGetMethodRecursive(Ljava/lang/String;[Ljava/lang/Class;ZLjava/lang/Class$MethodArray;)Ljava/lang/reflect/Method; @ 63
Event: 3.202 Thread 0x00007fa683936000 Uncommon trap: reason=unstable_if action=reinterpret pc=0x0000000107a6f0b0 method=java.lang.String.indexOf([CII[CIII)I @ 27
Event: 3.202 Thread 0x00007fa683936000 Uncommon trap: reason=unstable_if action=reinterpret pc=0x0000000107a13214 method=java.lang.String.indexOf([CII[CIII)I @ 27
Event: 3.213 Thread 0x00007fa683936000 Uncommon trap: reason=unstable_if action=reinterpret pc=0x0000000107735b18 method=java.lang.String.indexOf([CII[CIII)I @ 27

Internal exceptions (10 events):
Event: 0.753 Thread 0x00007fa683936000 Implicit null exception at 0x000000010765bff5 to 0x000000010765c231
Event: 0.753 Thread 0x00007fa683936000 Implicit null exception at 0x000000010764d4bb to 0x000000010764df09
Event: 0.771 Thread 0x00007fa683936000 Exception <a 'java/io/FileNotFoundException'> (0x000000076c7ed328) thrown at [/Users/java_re/workspace/8-2-build-macosx-x86_64/jdk8u40/3153/hotspot/src/share/vm/prims/jni.cpp, line 709]
Event: 0.777 Thread 0x00007fa683936000 Exception <a 'java/io/FileNotFoundException'> (0x000000076c8467b0) thrown at [/Users/java_re/workspace/8-2-build-macosx-x86_64/jdk8u40/3153/hotspot/src/share/vm/prims/jni.cpp, line 709]
Event: 0.840 Thread 0x00007fa683936000 Exception <a 'java/io/FileNotFoundException'> (0x000000076ca5bb38) thrown at [/Users/java_re/workspace/8-2-build-macosx-x86_64/jdk8u40/3153/hotspot/src/share/vm/prims/jni.cpp, line 709]
Event: 0.984 Thread 0x00007fa683936000 Exception <a 'java/io/FileNotFoundException'> (0x000000076d058dd0) thrown at [/Users/java_re/workspace/8-2-build-macosx-x86_64/jdk8u40/3153/hotspot/src/share/vm/prims/jni.cpp, line 709]
Event: 2.265 Thread 0x00007fa683936000 Implicit null exception at 0x0000000107600b75 to 0x0000000107600ee1
Event: 2.782 Thread 0x00007fa683936000 Exception <a 'java/lang/NullPointerException'> (0x000000076d01bd38) thrown at [/Users/java_re/workspace/8-2-build-macosx-x86_64/jdk8u40/3153/hotspot/src/share/vm/runtime/reflection.cpp, line 921]
Event: 3.289 Thread 0x00007fa683936000 Exception <a 'java/io/FileNotFoundException'> (0x000000076c721328) thrown at [/Users/java_re/workspace/8-2-build-macosx-x86_64/jdk8u40/3153/hotspot/src/share/vm/prims/jni.cpp, line 709]
Event: 3.289 Thread 0x00007fa683936000 Exception <a 'java/io/FileNotFoundException'> (0x000000076c722848) thrown at [/Users/java_re/workspace/8-2-build-macosx-x86_64/jdk8u40/3153/hotspot/src/share/vm/prims/jni.cpp, line 709]

Events (10 events):
Event: 3.309 loading class com/sun/javafx/tk/quantum/QuantumRenderer done
Event: 3.309 loading class com/sun/javafx/tk/quantum/QuantumToolkit
Event: 3.309 loading class com/sun/javafx/tk/quantum/QuantumToolkit done
Event: 3.309 Thread 0x00007fa6868c1000 Thread exited: 0x00007fa6868c1000
Event: 3.309 Thread 0x00007fa68690a000 Thread exited: 0x00007fa68690a000
Event: 3.309 Thread 0x00007fa686001800 Thread exited: 0x00007fa686001800
Event: 3.309 Thread 0x00007fa683936000 Thread exited: 0x00007fa683936000
Event: 3.309 Thread 0x00007fa6844e0000 Thread added: 0x00007fa6844e0000
Event: 4.096 Executing VM operation: EnableBiasedLocking
Event: 4.097 Executing VM operation: EnableBiasedLocking done


Dynamic libraries:
0x0000000006f61000 	/System/Library/Frameworks/Cocoa.framework/Versions/A/Cocoa
0x0000000006f61000 	/System/Library/Frameworks/Security.framework/Versions/A/Security
0x0000000006f61000 	/System/Library/Frameworks/ApplicationServices.framework/Versions/A/ApplicationServices
0x0000000006f61000 	/usr/lib/libz.1.dylib
0x0000000006f61000 	/usr/lib/libSystem.B.dylib
0x0000000006f61000 	/usr/lib/libobjc.A.dylib
0x0000000006f61000 	/System/Library/Frameworks/CoreFoundation.framework/Versions/A/CoreFoundation
0x0000000006f61000 	/System/Library/Frameworks/Foundation.framework/Versions/C/Foundation
0x0000000006f61000 	/System/Library/Frameworks/AppKit.framework/Versions/C/AppKit
0x0000000006f61000 	/System/Library/Frameworks/CoreData.framework/Versions/A/CoreData
0x0000000006f61000 	/System/Library/PrivateFrameworks/RemoteViewServices.framework/Versions/A/RemoteViewServices
0x0000000006f61000 	/System/Library/PrivateFrameworks/UIFoundation.framework/Versions/A/UIFoundation
0x0000000006f61000 	/usr/lib/libScreenReader.dylib
0x0000000006f61000 	/System/Library/Frameworks/Accelerate.framework/Versions/A/Accelerate
0x0000000006f61000 	/System/Library/Frameworks/IOSurface.framework/Versions/A/IOSurface
0x0000000006f61000 	/System/Library/Frameworks/AudioToolbox.framework/Versions/A/AudioToolbox
0x0000000006f61000 	/System/Library/Frameworks/AudioUnit.framework/Versions/A/AudioUnit
0x0000000006f61000 	/System/Library/PrivateFrameworks/DataDetectorsCore.framework/Versions/A/DataDetectorsCore
0x0000000006f61000 	/System/Library/PrivateFrameworks/DesktopServicesPriv.framework/Versions/A/DesktopServicesPriv
0x0000000006f61000 	/System/Library/Frameworks/Carbon.framework/Versions/A/Frameworks/HIToolbox.framework/Versions/A/HIToolbox
0x0000000006f61000 	/System/Library/Frameworks/QuartzCore.framework/Versions/A/QuartzCore
0x0000000006f61000 	/System/Library/Frameworks/Carbon.framework/Versions/A/Frameworks/SpeechRecognition.framework/Versions/A/SpeechRecognition
0x0000000006f61000 	/usr/lib/libauto.dylib
0x0000000006f61000 	/usr/lib/libicucore.A.dylib
0x0000000006f61000 	/usr/lib/libxml2.2.dylib
0x0000000006f61000 	/System/Library/PrivateFrameworks/CoreUI.framework/Versions/A/CoreUI
0x0000000006f61000 	/System/Library/Frameworks/CoreAudio.framework/Versions/A/CoreAudio
0x0000000006f61000 	/System/Library/Frameworks/DiskArbitration.framework/Versions/A/DiskArbitration
0x0000000006f61000 	/usr/lib/liblangid.dylib
0x0000000006f61000 	/System/Library/PrivateFrameworks/MultitouchSupport.framework/Versions/A/MultitouchSupport
0x0000000006f61000 	/System/Library/Frameworks/IOKit.framework/Versions/A/IOKit
0x0000000006f61000 	/usr/lib/libDiagnosticMessagesClient.dylib
0x0000000006f61000 	/System/Library/Frameworks/CoreServices.framework/Versions/A/CoreServices
0x0000000006f61000 	/System/Library/PrivateFrameworks/PerformanceAnalysis.framework/Versions/A/PerformanceAnalysis
0x0000000006f61000 	/System/Library/PrivateFrameworks/GenerationalStorage.framework/Versions/A/GenerationalStorage
0x0000000006f61000 	/System/Library/Frameworks/OpenGL.framework/Versions/A/OpenGL
0x0000000006f61000 	/System/Library/PrivateFrameworks/Sharing.framework/Versions/A/Sharing
0x0000000006f61000 	/System/Library/Frameworks/CoreGraphics.framework/Versions/A/CoreGraphics
0x0000000006f61000 	/System/Library/Frameworks/CoreImage.framework/Versions/A/CoreImage
0x0000000006f61000 	/System/Library/Frameworks/CoreText.framework/Versions/A/CoreText
0x0000000006f61000 	/System/Library/Frameworks/ImageIO.framework/Versions/A/ImageIO
0x0000000006f61000 	/System/Library/PrivateFrameworks/Backup.framework/Versions/A/Backup
0x0000000006f61000 	/usr/lib/libextension.dylib
0x0000000006f61000 	/usr/lib/libarchive.2.dylib
0x0000000006f61000 	/System/Library/Frameworks/CFNetwork.framework/Versions/A/CFNetwork
0x0000000006f61000 	/System/Library/Frameworks/SystemConfiguration.framework/Versions/A/SystemConfiguration
0x0000000006f61000 	/usr/lib/libCRFSuite.dylib
0x0000000006f61000 	/usr/lib/libc++.1.dylib
0x0000000006f61000 	/usr/lib/libc++abi.dylib
0x0000000006f61000 	/usr/lib/system/libcache.dylib
0x0000000006f61000 	/usr/lib/system/libcommonCrypto.dylib
0x0000000006f61000 	/usr/lib/system/libcompiler_rt.dylib
0x0000000006f61000 	/usr/lib/system/libcopyfile.dylib
0x0000000006f61000 	/usr/lib/system/libcorecrypto.dylib
0x0000000006f61000 	/usr/lib/system/libdispatch.dylib
0x0000000006f61000 	/usr/lib/system/libdyld.dylib
0x0000000006f61000 	/usr/lib/system/libkeymgr.dylib
0x0000000006f61000 	/usr/lib/system/liblaunch.dylib
0x0000000006f61000 	/usr/lib/system/libmacho.dylib
0x0000000006f61000 	/usr/lib/system/libquarantine.dylib
0x0000000006f61000 	/usr/lib/system/libremovefile.dylib
0x0000000006f61000 	/usr/lib/system/libsystem_asl.dylib
0x0000000006f61000 	/usr/lib/system/libsystem_blocks.dylib
0x0000000006f61000 	/usr/lib/system/libsystem_c.dylib
0x0000000006f61000 	/usr/lib/system/libsystem_configuration.dylib
0x0000000006f61000 	/usr/lib/system/libsystem_coreservices.dylib
0x0000000006f61000 	/usr/lib/system/libsystem_coretls.dylib
0x0000000006f61000 	/usr/lib/system/libsystem_dnssd.dylib
0x0000000006f61000 	/usr/lib/system/libsystem_info.dylib
0x0000000006f61000 	/usr/lib/system/libsystem_kernel.dylib
0x0000000006f61000 	/usr/lib/system/libsystem_m.dylib
0x0000000006f61000 	/usr/lib/system/libsystem_malloc.dylib
0x0000000006f61000 	/usr/lib/system/libsystem_network.dylib
0x0000000006f61000 	/usr/lib/system/libsystem_networkextension.dylib
0x0000000006f61000 	/usr/lib/system/libsystem_notify.dylib
0x0000000006f61000 	/usr/lib/system/libsystem_platform.dylib
0x0000000006f61000 	/usr/lib/system/libsystem_pthread.dylib
0x0000000006f61000 	/usr/lib/system/libsystem_sandbox.dylib
0x0000000006f61000 	/usr/lib/system/libsystem_secinit.dylib
0x0000000006f61000 	/usr/lib/system/libsystem_trace.dylib
0x0000000006f61000 	/usr/lib/system/libunc.dylib
0x0000000006f61000 	/usr/lib/system/libunwind.dylib
0x0000000006f61000 	/usr/lib/system/libxpc.dylib
0x0000000006f61000 	/usr/lib/libenergytrace.dylib
0x0000000006f61000 	/usr/lib/libbsm.0.dylib
0x0000000006f61000 	/usr/lib/system/libkxld.dylib
0x0000000006f61000 	/usr/lib/libxar.1.dylib
0x0000000006f61000 	/usr/lib/libsqlite3.dylib
0x0000000006f61000 	/usr/lib/libpam.2.dylib
0x0000000006f61000 	/usr/lib/libOpenScriptingUtil.dylib
0x0000000006f61000 	/usr/lib/libbz2.1.0.dylib
0x0000000006f61000 	/usr/lib/liblzma.5.dylib
0x0000000006f61000 	/System/Library/Frameworks/CoreServices.framework/Versions/A/Frameworks/FSEvents.framework/Versions/A/FSEvents
0x0000000006f61000 	/System/Library/Frameworks/CoreServices.framework/Versions/A/Frameworks/CarbonCore.framework/Versions/A/CarbonCore
0x0000000006f61000 	/System/Library/Frameworks/CoreServices.framework/Versions/A/Frameworks/Metadata.framework/Versions/A/Metadata
0x0000000006f61000 	/System/Library/Frameworks/CoreServices.framework/Versions/A/Frameworks/OSServices.framework/Versions/A/OSServices
0x0000000006f61000 	/System/Library/Frameworks/CoreServices.framework/Versions/A/Frameworks/SearchKit.framework/Versions/A/SearchKit
0x0000000006f61000 	/System/Library/Frameworks/CoreServices.framework/Versions/A/Frameworks/AE.framework/Versions/A/AE
0x0000000006f61000 	/System/Library/Frameworks/CoreServices.framework/Versions/A/Frameworks/LaunchServices.framework/Versions/A/LaunchServices
0x0000000006f61000 	/System/Library/Frameworks/CoreServices.framework/Versions/A/Frameworks/DictionaryServices.framework/Versions/A/DictionaryServices
0x0000000006f61000 	/System/Library/Frameworks/CoreServices.framework/Versions/A/Frameworks/SharedFileList.framework/Versions/A/SharedFileList
0x0000000006f61000 	/System/Library/Frameworks/NetFS.framework/Versions/A/NetFS
0x0000000006f61000 	/System/Library/PrivateFrameworks/NetAuth.framework/Versions/A/NetAuth
0x0000000006f61000 	/System/Library/PrivateFrameworks/login.framework/Versions/A/Frameworks/loginsupport.framework/Versions/A/loginsupport
0x0000000006f61000 	/System/Library/PrivateFrameworks/TCC.framework/Versions/A/TCC
0x0000000006f61000 	/usr/lib/libmecabra.dylib
0x0000000006f61000 	/System/Library/Frameworks/ApplicationServices.framework/Versions/A/Frameworks/ATS.framework/Versions/A/ATS
0x0000000006f61000 	/System/Library/Frameworks/ApplicationServices.framework/Versions/A/Frameworks/ColorSync.framework/Versions/A/ColorSync
0x0000000006f61000 	/System/Library/Frameworks/ApplicationServices.framework/Versions/A/Frameworks/HIServices.framework/Versions/A/HIServices
0x0000000006f61000 	/System/Library/Frameworks/ApplicationServices.framework/Versions/A/Frameworks/LangAnalysis.framework/Versions/A/LangAnalysis
0x0000000006f61000 	/System/Library/Frameworks/ApplicationServices.framework/Versions/A/Frameworks/PrintCore.framework/Versions/A/PrintCore
0x0000000006f61000 	/System/Library/Frameworks/ApplicationServices.framework/Versions/A/Frameworks/QD.framework/Versions/A/QD
0x0000000006f61000 	/System/Library/Frameworks/ApplicationServices.framework/Versions/A/Frameworks/SpeechSynthesis.framework/Versions/A/SpeechSynthesis
0x0000000006f61000 	/System/Library/Frameworks/Metal.framework/Versions/A/Metal
0x0000000006f61000 	/System/Library/Frameworks/Accelerate.framework/Versions/A/Frameworks/vImage.framework/Versions/A/vImage
0x0000000006f61000 	/System/Library/Frameworks/Accelerate.framework/Versions/A/Frameworks/vecLib.framework/Versions/A/vecLib
0x0000000006f61000 	/System/Library/Frameworks/Accelerate.framework/Versions/A/Frameworks/vecLib.framework/Versions/A/libvDSP.dylib
0x0000000006f61000 	/System/Library/Frameworks/Accelerate.framework/Versions/A/Frameworks/vecLib.framework/Versions/A/libvMisc.dylib
0x0000000006f61000 	/System/Library/Frameworks/Accelerate.framework/Versions/A/Frameworks/vecLib.framework/Versions/A/libLAPACK.dylib
0x0000000006f61000 	/System/Library/Frameworks/Accelerate.framework/Versions/A/Frameworks/vecLib.framework/Versions/A/libBLAS.dylib
0x0000000006f61000 	/System/Library/Frameworks/Accelerate.framework/Versions/A/Frameworks/vecLib.framework/Versions/A/libLinearAlgebra.dylib
0x0000000006f61000 	/System/Library/Frameworks/Accelerate.framework/Versions/A/Frameworks/vecLib.framework/Versions/A/libSparseBLAS.dylib
0x0000000006f61000 	/System/Library/PrivateFrameworks/GPUCompiler.framework/libmetal_timestamp.dylib
0x0000000006f61000 	/System/Library/Frameworks/OpenGL.framework/Versions/A/Libraries/libCoreFSCache.dylib
0x0000000006f61000 	/System/Library/PrivateFrameworks/IOAccelerator.framework/Versions/A/IOAccelerator
0x0000000006f61000 	/System/Library/Frameworks/ApplicationServices.framework/Versions/A/Frameworks/ATS.framework/Versions/A/Resources/libFontParser.dylib
0x0000000006f61000 	/System/Library/Frameworks/ApplicationServices.framework/Versions/A/Frameworks/ATS.framework/Versions/A/Resources/libFontRegistry.dylib
0x0000000006f61000 	/System/Library/PrivateFrameworks/AppleVPA.framework/Versions/A/AppleVPA
0x0000000006f61000 	/System/Library/PrivateFrameworks/AppleJPEG.framework/Versions/A/AppleJPEG
0x0000000006f61000 	/System/Library/Frameworks/ImageIO.framework/Versions/A/Resources/libJPEG.dylib
0x0000000006f61000 	/System/Library/Frameworks/ImageIO.framework/Versions/A/Resources/libTIFF.dylib
0x0000000006f61000 	/System/Library/Frameworks/ImageIO.framework/Versions/A/Resources/libPng.dylib
0x0000000006f61000 	/System/Library/Frameworks/ImageIO.framework/Versions/A/Resources/libGIF.dylib
0x0000000006f61000 	/System/Library/Frameworks/ImageIO.framework/Versions/A/Resources/libJP2.dylib
0x0000000006f61000 	/System/Library/Frameworks/ImageIO.framework/Versions/A/Resources/libRadiance.dylib
0x0000000006f61000 	/System/Library/Frameworks/CoreVideo.framework/Versions/A/CoreVideo
0x0000000006f61000 	/System/Library/Frameworks/OpenGL.framework/Versions/A/Libraries/libGLU.dylib
0x0000000006f61000 	/System/Library/Frameworks/OpenGL.framework/Versions/A/Libraries/libGFXShared.dylib
0x0000000006f61000 	/System/Library/Frameworks/OpenGL.framework/Versions/A/Libraries/libGL.dylib
0x0000000006f61000 	/System/Library/Frameworks/OpenGL.framework/Versions/A/Libraries/libGLImage.dylib
0x0000000006f61000 	/System/Library/Frameworks/OpenGL.framework/Versions/A/Libraries/libCVMSPluginSupport.dylib
0x0000000006f61000 	/System/Library/Frameworks/OpenGL.framework/Versions/A/Libraries/libCoreVMClient.dylib
0x0000000006f61000 	/usr/lib/libcompression.dylib
0x0000000006f61000 	/usr/lib/libcups.2.dylib
0x0000000006f61000 	/System/Library/Frameworks/Kerberos.framework/Versions/A/Kerberos
0x0000000006f61000 	/System/Library/Frameworks/GSS.framework/Versions/A/GSS
0x0000000006f61000 	/usr/lib/libresolv.9.dylib
0x0000000006f61000 	/usr/lib/libiconv.2.dylib
0x0000000006f61000 	/System/Library/PrivateFrameworks/Heimdal.framework/Versions/A/Heimdal
0x0000000006f61000 	/usr/lib/libheimdal-asn1.dylib
0x0000000006f61000 	/System/Library/Frameworks/OpenDirectory.framework/Versions/A/OpenDirectory
0x0000000006f61000 	/System/Library/PrivateFrameworks/CommonAuth.framework/Versions/A/CommonAuth
0x0000000006f61000 	/System/Library/Frameworks/OpenDirectory.framework/Versions/A/Frameworks/CFOpenDirectory.framework/Versions/A/CFOpenDirectory
0x0000000006f61000 	/System/Library/Frameworks/SecurityFoundation.framework/Versions/A/SecurityFoundation
0x0000000006f61000 	/System/Library/PrivateFrameworks/LanguageModeling.framework/Versions/A/LanguageModeling
0x0000000006f61000 	/usr/lib/libmarisa.dylib
0x0000000006f61000 	/usr/lib/libChineseTokenizer.dylib
0x0000000006f61000 	/usr/lib/libcmph.dylib
0x0000000006f61000 	/System/Library/Frameworks/ServiceManagement.framework/Versions/A/ServiceManagement
0x0000000006f61000 	/usr/lib/libxslt.1.dylib
0x0000000006f61000 	/System/Library/Frameworks/Carbon.framework/Versions/A/Frameworks/Ink.framework/Versions/A/Ink
0x0000000006f61000 	/usr/lib/libFosl_dynamic.dylib
0x0000000006f61000 	/System/Library/PrivateFrameworks/FaceCore.framework/Versions/A/FaceCore
0x0000000006f61000 	/System/Library/Frameworks/OpenCL.framework/Versions/A/OpenCL
0x0000000006f61000 	/System/Library/PrivateFrameworks/CrashReporterSupport.framework/Versions/A/CrashReporterSupport
0x0000000006f61000 	/System/Library/PrivateFrameworks/IconServices.framework/Versions/A/IconServices
0x0000000006f61000 	/System/Library/PrivateFrameworks/Apple80211.framework/Versions/A/Apple80211
0x0000000006f61000 	/System/Library/Frameworks/CoreWLAN.framework/Versions/A/CoreWLAN
0x0000000006f61000 	/System/Library/Frameworks/IOBluetooth.framework/Versions/A/IOBluetooth
0x0000000006f61000 	/System/Library/PrivateFrameworks/CoreWiFi.framework/Versions/A/CoreWiFi
0x0000000006f61000 	/System/Library/Frameworks/CoreBluetooth.framework/Versions/A/CoreBluetooth
0x0000000006f61000 	/System/Library/PrivateFrameworks/ChunkingLibrary.framework/Versions/A/ChunkingLibrary
0x0000000006f61000 	/System/Library/PrivateFrameworks/DebugSymbols.framework/Versions/A/DebugSymbols
0x0000000006f61000 	/System/Library/PrivateFrameworks/CoreSymbolication.framework/Versions/A/CoreSymbolication
0x0000000006f61000 	/System/Library/PrivateFrameworks/Symbolication.framework/Versions/A/Symbolication
0x0000000006f61000 	/System/Library/PrivateFrameworks/SpeechRecognitionCore.framework/Versions/A/SpeechRecognitionCore
0x0000000106400000 	/Library/Java/JavaVirtualMachines/jdk1.8.0_40.jdk/Contents/Home/jre/lib/server/libjvm.dylib
0x0000000006f61000 	/usr/lib/libstdc++.6.dylib
0x00000001053b3000 	/Library/Java/JavaVirtualMachines/jdk1.8.0_40.jdk/Contents/Home/jre/lib/libverify.dylib
0x00000001053c1000 	/Library/Java/JavaVirtualMachines/jdk1.8.0_40.jdk/Contents/Home/jre/lib/libjava.dylib
0x0000000107369000 	/Library/Java/JavaVirtualMachines/jdk1.8.0_40.jdk/Contents/Home/jre/lib/libzip.dylib
0x0000000122428000 	/System/Library/Frameworks/JavaVM.framework/Frameworks/JavaRuntimeSupport.framework/JavaRuntimeSupport
0x0000000122443000 	/System/Library/Frameworks/JavaVM.framework/Versions/A/Frameworks/JavaNativeFoundation.framework/Versions/A/JavaNativeFoundation
0x0000000122458000 	/System/Library/Frameworks/JavaVM.framework/Versions/A/JavaVM
0x0000000006f61000 	/System/Library/Frameworks/Carbon.framework/Versions/A/Carbon
0x0000000122465000 	/System/Library/PrivateFrameworks/JavaLaunching.framework/Versions/A/JavaLaunching
0x0000000006f61000 	/System/Library/Frameworks/Carbon.framework/Versions/A/Frameworks/CommonPanels.framework/Versions/A/CommonPanels
0x0000000006f61000 	/System/Library/Frameworks/Carbon.framework/Versions/A/Frameworks/Help.framework/Versions/A/Help
0x0000000006f61000 	/System/Library/Frameworks/Carbon.framework/Versions/A/Frameworks/ImageCapture.framework/Versions/A/ImageCapture
0x0000000006f61000 	/System/Library/Frameworks/Carbon.framework/Versions/A/Frameworks/OpenScripting.framework/Versions/A/OpenScripting
0x0000000006f61000 	/System/Library/Frameworks/Carbon.framework/Versions/A/Frameworks/Print.framework/Versions/A/Print
0x0000000006f61000 	/System/Library/Frameworks/Carbon.framework/Versions/A/Frameworks/SecurityHI.framework/Versions/A/SecurityHI
0x0000000123e5a000 	/Library/Java/JavaVirtualMachines/jdk1.8.0_40.jdk/Contents/Home/jre/lib/libprism_es2.dylib
0x0000000123edc000 	/System/Library/Frameworks/OpenGL.framework/Resources/GLEngine.bundle/GLEngine
0x0000000006f61000 	/System/Library/Frameworks/OpenGL.framework/Versions/A/Libraries/libGLProgrammability.dylib
0x00000001240c4000 	/System/Library/Extensions/AppleIntelHD5000GraphicsGLDriver.bundle/Contents/MacOS/AppleIntelHD5000GraphicsGLDriver
0x0000000006f61000 	/System/Library/PrivateFrameworks/GPUSupport.framework/Versions/A/Libraries/libGPUSupportMercury.dylib
0x0000000006f61000 	/System/Library/Extensions/GeForceGLDriver.bundle/Contents/MacOS/GeForceGLDriver
0x0000000006f61000 	/System/Library/Extensions/GeForceGLDriver.bundle/Contents/MacOS/libclh.dylib
0x000000012481a000 	/System/Library/Frameworks/OpenGL.framework/Resources//GLRendererFloat.bundle/GLRendererFloat
0x0000000006f61000 	/System/Library/Frameworks/OpenCL.framework/Versions/A/Libraries/libcldcpuengine.dylib
0x0000000006f61000 	/System/Library/PrivateFrameworks/DiskImages.framework/Versions/A/DiskImages
0x0000000006f61000 	/System/Library/Frameworks/DiscRecording.framework/Versions/A/DiscRecording
0x0000000006f61000 	/usr/lib/libcsfde.dylib
0x0000000006f61000 	/usr/lib/libcurl.4.dylib
0x0000000006f61000 	/System/Library/PrivateFrameworks/MediaKit.framework/Versions/A/MediaKit
0x0000000006f61000 	/System/Library/PrivateFrameworks/ProtectedCloudStorage.framework/Versions/A/ProtectedCloudStorage
0x0000000006f61000 	/usr/lib/libCoreStorage.dylib
0x0000000006f61000 	/System/Library/PrivateFrameworks/EFILogin.framework/Versions/A/EFILogin
0x0000000006f61000 	/usr/lib/libutil.dylib
0x0000000006f61000 	/System/Library/PrivateFrameworks/FindMyDevice.framework/Versions/A/FindMyDevice
0x0000000006f61000 	/System/Library/Frameworks/LDAP.framework/Versions/A/LDAP
0x0000000006f61000 	/usr/lib/libsasl2.2.dylib
0x0000000006f61000 	/System/Library/PrivateFrameworks/CoreDaemon.framework/Versions/B/CoreDaemon
0x0000000006f61000 	/usr/lib/libcrypto.0.9.8.dylib
0x0000000006f61000 	/System/Library/PrivateFrameworks/AppleSRP.framework/Versions/A/AppleSRP
0x0000000006f61000 	/System/Library/PrivateFrameworks/TrustEvaluationAgent.framework/Versions/A/TrustEvaluationAgent
0x0000000124ab6000 	/Library/Java/JavaVirtualMachines/jdk1.8.0_40.jdk/Contents/Home/jre/lib/libglass.dylib
0x0000000006f61000 	/System/Library/PrivateFrameworks/CoreServicesInternal.framework/Versions/A/CoreServicesInternal
0x0000000006f61000 	/System/Library/CoreServices/RawCamera.bundle/Contents/MacOS/RawCamera
0x0000000006f61000 	/System/Library/Frameworks/CoreGraphics.framework/Versions/A/Resources/libRIP.A.dylib
0x00000001257e8000 	/System/Library/Frameworks/Accelerate.framework/Frameworks/vImage.framework/Versions/A/Libraries/libCGInterfaces.dylib
0x0000000006f61000 	/System/Library/PrivateFrameworks/FamilyControls.framework/Versions/A/FamilyControls
0x0000000006f61000 	/System/Library/PrivateFrameworks/CommerceKit.framework/Versions/A/Frameworks/CommerceCore.framework/Versions/A/CommerceCore
0x0000000006f61000 	/System/Library/PrivateFrameworks/SystemAdministration.framework/Versions/A/SystemAdministration
0x0000000006f61000 	/System/Library/PrivateFrameworks/AppContainer.framework/Versions/A/AppContainer
0x0000000006f61000 	/System/Library/PrivateFrameworks/SecCodeWrapper.framework/Versions/A/SecCodeWrapper
0x0000000006f61000 	/System/Library/Frameworks/DirectoryService.framework/Versions/A/DirectoryService
0x0000000006f61000 	/System/Library/PrivateFrameworks/LoginUIKit.framework/Versions/A/Frameworks/LoginUICore.framework/Versions/A/LoginUICore
0x0000000006f61000 	/usr/lib/libodfde.dylib
0x00000001284fa000 	/Library/Java/JavaVirtualMachines/jdk1.8.0_40.jdk/Contents/Home/jre/lib/libjavafx_iio.dylib
0x0000000128532000 	/Library/Java/JavaVirtualMachines/jdk1.8.0_40.jdk/Contents/Home/jre/lib/libjavafx_font.dylib
0x0000000006f61000 	/System/Library/Frameworks/CoreGraphics.framework/Versions/A/Resources/libCGXType.A.dylib
0x0000000129dfc000 	cl_kernels
0x0000000006f61000 	/System/Library/Frameworks/OpenCL.framework/Versions/A/Libraries/ImageFormats/unorm8_bgra.dylib
0x0000000006f61000 	/System/Library/Frameworks/OpenCL.framework/Versions/A/Libraries/ImageFormats/unorm8_rgba.dylib
0x000000012b25f000 	/Library/Java/JavaVirtualMachines/jdk1.8.0_40.jdk/Contents/Home/jre/lib/libprism_common.dylib
0x000000012d22f000 	/System/Library/Extensions/GeForceMTLDriver.bundle/Contents/MacOS/GeForceMTLDriver
0x000000012d42c000 	/System/Library/Extensions/AppleIntelHD5000GraphicsMTLDriver.bundle/Contents/MacOS/AppleIntelHD5000GraphicsMTLDriver
0x0000000125a34000 	/Library/Java/JavaVirtualMachines/jdk1.8.0_40.jdk/Contents/Home/jre/lib/libnet.dylib

VM Arguments:
jvm_args: -Dfile.encoding=UTF-8 
java_command: application.Principal
java_class_path (initial): /Users/maiquelknechtel/workspace/controleOrdemServicoJFX/target/classes:/Users/maiquelknechtel/.p2/pool/plugins/org.eclipse.fx.ide.css.jfx8_2.3.0.201603030809.jar:/Users/maiquelknechtel/workspace/controleOrdemServicoJFX/lib/antlr-2.7.7.jar:/Users/maiquelknechtel/workspace/controleOrdemServicoJFX/lib/c3p0-0.9.2.1.jar:/Users/maiquelknechtel/workspace/controleOrdemServicoJFX/lib/dom4j-1.6.1.jar:/Users/maiquelknechtel/workspace/controleOrdemServicoJFX/lib/ehcache-core-2.4.3.jar:/Users/maiquelknechtel/workspace/controleOrdemServicoJFX/lib/hibernate-c3p0-4.3.5.Final.jar:/Users/maiquelknechtel/workspace/controleOrdemServicoJFX/lib/hibernate-commons-annotations-4.0.4.Final.jar:/Users/maiquelknechtel/workspace/controleOrdemServicoJFX/lib/hibernate-core-4.3.5.Final.jar:/Users/maiquelknechtel/workspace/controleOrdemServicoJFX/lib/hibernate-ehcache-4.3.5.Final.jar:/Users/maiquelknechtel/workspace/controleOrdemServicoJFX/lib/hibernate-entitymanager-4.3.5.Final.jar:/Users/maiquelknechtel/workspace/controleOrdemServicoJFX/lib/hibernate-envers-4.3.5.Final.jar:/Users/maiquelknechtel/workspace/controleOrdemServicoJFX/lib/hibernate-infinispan-4.3.5.Final-tests.jar:/Users/maiquelknechtel/workspace/controleOrdemServicoJFX/lib/hibernate-infinispan-4.3.5.Final.jar:/Users/maiquelknechtel/workspace/controleOrdemServicoJFX/lib/hibernate-jpa-2.1-api-1.0.0.Final.jar:/Users/maiquelknechtel/workspace/controleOrdemServicoJFX/lib/hibernate-jpamodelgen-4.3.5.Final.jar:/Users/maiquelknechtel/workspace/controleOrdemServicoJFX/lib/hibernate-osgi-4.3.5.Final.jar:/Users/maiquelknechtel/workspace/controleOrdemServicoJFX/lib/hibernate-proxool-4.3.5.Final.jar:/Users/maiquelknechtel/workspace/controleOrdemServicoJFX/lib/infinispan-commons-6.0.0.Final.jar:/Users/maiquelknechtel/workspace/controleOrdemServicoJFX/lib/infinispan-core-6.0.0.Final.jar:/Users/maiquelknechtel/workspace/controleOrdemServicoJFX/lib/jandex-1.1.0.Final.jar:/Users/maiquelknechtel/workspace/controleOrdemServi
Launcher Type: SUN_STANDARD

Environment Variables:
PATH=/usr/bin:/bin:/usr/sbin:/sbin
SHELL=/bin/bash
DISPLAY=/private/tmp/com.apple.launchd.d45P3AG18v/org.macosforge.xquartz:0

Signal Handlers:
SIGSEGV: [libjvm.dylib+0x58ef95], sa_mask[0]=11111111011111110111111111111111, sa_flags=SA_ONSTACK|SA_RESTART|SA_SIGINFO
SIGBUS: [libjvm.dylib+0x58ef95], sa_mask[0]=11111111011111110111111111111111, sa_flags=SA_RESTART|SA_SIGINFO
SIGFPE: [libjvm.dylib+0x46c118], sa_mask[0]=11111111011111110111111111111111, sa_flags=SA_RESTART|SA_SIGINFO
SIGPIPE: [libjvm.dylib+0x46c118], sa_mask[0]=11111111011111110111111111111111, sa_flags=SA_RESTART|SA_SIGINFO
SIGXFSZ: [libjvm.dylib+0x46c118], sa_mask[0]=11111111011111110111111111111111, sa_flags=SA_RESTART|SA_SIGINFO
SIGILL: [libjvm.dylib+0x46c118], sa_mask[0]=11111111011111110111111111111111, sa_flags=SA_RESTART|SA_SIGINFO
SIGUSR1: SIG_DFL, sa_mask[0]=00000000000000000000000000000000, sa_flags=none
SIGUSR2: [libjvm.dylib+0x46bc36], sa_mask[0]=00100000000000000000000000000000, sa_flags=SA_RESTART|SA_SIGINFO
SIGHUP: [libjvm.dylib+0x46a209], sa_mask[0]=11111111011111110111111111111111, sa_flags=SA_RESTART|SA_SIGINFO
SIGINT: [libjvm.dylib+0x46a209], sa_mask[0]=11111111011111110111111111111111, sa_flags=SA_RESTART|SA_SIGINFO
SIGTERM: [libjvm.dylib+0x46a209], sa_mask[0]=11111111011111110111111111111111, sa_flags=SA_RESTART|SA_SIGINFO
SIGQUIT: [libjvm.dylib+0x46a209], sa_mask[0]=11111111011111110111111111111111, sa_flags=SA_RESTART|SA_SIGINFO


---------------  S Y S T E M  ---------------

OS:Bsduname:Darwin 15.6.0 Darwin Kernel Version 15.6.0: Thu Jun 23 18:25:34 PDT 2016; root:xnu-3248.60.10~1/RELEASE_X86_64 x86_64
rlimit: STACK 8192k, CORE 0k, NPROC 709, NOFILE 10240, AS infinity
load average:1.60 1.44 1.57

CPU:total 8 (4 cores per cpu, 2 threads per core) family 6 model 70 stepping 1, cmov, cx8, fxsr, mmx, sse, sse2, sse3, ssse3, sse4.1, sse4.2, popcnt, avx, avx2, aes, clmul, erms, rtm, lzcnt, ht, tsc, tscinvbit, bmi1, bmi2

Memory: 4k page, physical 16777216k(2408872k free)

/proc/meminfo:


vm_info: Java HotSpot(TM) 64-Bit Server VM (25.40-b25) for bsd-amd64 JRE (1.8.0_40-b27), built on Mar 13 2015 04:46:52 by "java_re" with gcc 4.2.1 (Based on Apple Inc. build 5658) (LLVM build 2336.11.00)

time: Tue Aug 16 18:55:13 2016
elapsed time: 42 seconds (0d 0h 0m 42s)

